2024-03-28 10:49:43.984  INFO 16740 --- [main] c.m.c.ChatroomreviewApplication          : Starting ChatroomreviewApplication using Java 1.8.0_192 on ib with PID 16740 (C:\Code\Java\chatroomreview1\target\classes started by 86135 in C:\Code\Java\chatroomreview1)
2024-03-28 10:49:43.988  INFO 16740 --- [main] c.m.c.ChatroomreviewApplication          : No active profile set, falling back to 1 default profile: "default"
2024-03-28 10:49:45.334  INFO 16740 --- [main] o.s.b.w.embedded.tomcat.TomcatWebServer  : Tomcat initialized with port(s): 8080 (http)
2024-03-28 10:49:45.345  INFO 16740 --- [main] o.apache.catalina.core.StandardService   : Starting service [Tomcat]
2024-03-28 10:49:45.346  INFO 16740 --- [main] org.apache.catalina.core.StandardEngine  : Starting Servlet engine: [Apache Tomcat/9.0.82]
2024-03-28 10:49:45.501  INFO 16740 --- [main] o.a.c.c.C.[Tomcat].[localhost].[/]       : Initializing Spring embedded WebApplicationContext
2024-03-28 10:49:45.501  INFO 16740 --- [main] w.s.c.ServletWebServerApplicationContext : Root WebApplicationContext: initialization completed in 1462 ms
2024-03-28 10:49:46.367  INFO 16740 --- [main] o.s.b.w.embedded.tomcat.TomcatWebServer  : Tomcat started on port(s): 8080 (http) with context path ''
2024-03-28 10:49:46.381  INFO 16740 --- [main] c.m.c.ChatroomreviewApplication          : Started ChatroomreviewApplication in 2.985 seconds (JVM running for 3.594)
2024-03-28 10:49:51.213  INFO 16740 --- [http-nio-8080-exec-2] o.a.c.c.C.[Tomcat].[localhost].[/]       : Initializing Spring DispatcherServlet 'dispatcherServlet'
2024-03-28 10:49:51.213  INFO 16740 --- [http-nio-8080-exec-2] o.s.web.servlet.DispatcherServlet        : Initializing Servlet 'dispatcherServlet'
2024-03-28 10:49:51.214  INFO 16740 --- [http-nio-8080-exec-2] o.s.web.servlet.DispatcherServlet        : Completed initialization in 1 ms
2024-03-28 10:49:57.480  INFO 16740 --- [http-nio-8080-exec-3] com.zaxxer.hikari.HikariDataSource       : HikariPool-1 - Starting...
2024-03-28 10:49:57.824  INFO 16740 --- [http-nio-8080-exec-3] com.zaxxer.hikari.HikariDataSource       : HikariPool-1 - Start completed.
2024-03-28 10:50:46.064  INFO 16740 --- [SpringApplicationShutdownHook] com.zaxxer.hikari.HikariDataSource       : HikariPool-1 - Shutdown initiated...
2024-03-28 10:50:46.076  INFO 16740 --- [SpringApplicationShutdownHook] com.zaxxer.hikari.HikariDataSource       : HikariPool-1 - Shutdown completed.
2024-03-28 11:00:01.671  INFO 27428 --- [main] c.m.c.ChatroomreviewApplication          : Starting ChatroomreviewApplication using Java 1.8.0_192 on ib with PID 27428 (C:\Code\Java\chatroomreview1\target\classes started by 86135 in C:\Code\Java\chatroomreview1)
2024-03-28 11:00:01.674  INFO 27428 --- [main] c.m.c.ChatroomreviewApplication          : No active profile set, falling back to 1 default profile: "default"
2024-03-28 11:00:02.890  INFO 27428 --- [main] o.s.b.w.embedded.tomcat.TomcatWebServer  : Tomcat initialized with port(s): 8080 (http)
2024-03-28 11:00:02.898  INFO 27428 --- [main] o.apache.catalina.core.StandardService   : Starting service [Tomcat]
2024-03-28 11:00:02.899  INFO 27428 --- [main] org.apache.catalina.core.StandardEngine  : Starting Servlet engine: [Apache Tomcat/9.0.82]
2024-03-28 11:00:03.054  INFO 27428 --- [main] o.a.c.c.C.[Tomcat].[localhost].[/]       : Initializing Spring embedded WebApplicationContext
2024-03-28 11:00:03.054  INFO 27428 --- [main] w.s.c.ServletWebServerApplicationContext : Root WebApplicationContext: initialization completed in 1333 ms
2024-03-28 11:00:03.821  INFO 27428 --- [main] o.s.b.w.embedded.tomcat.TomcatWebServer  : Tomcat started on port(s): 8080 (http) with context path ''
2024-03-28 11:00:03.833  INFO 27428 --- [main] c.m.c.ChatroomreviewApplication          : Started ChatroomreviewApplication in 2.58 seconds (JVM running for 3.004)
2024-03-28 11:00:08.296  INFO 27428 --- [http-nio-8080-exec-1] o.a.c.c.C.[Tomcat].[localhost].[/]       : Initializing Spring DispatcherServlet 'dispatcherServlet'
2024-03-28 11:00:08.298  INFO 27428 --- [http-nio-8080-exec-1] o.s.web.servlet.DispatcherServlet        : Initializing Servlet 'dispatcherServlet'
2024-03-28 11:00:08.299  INFO 27428 --- [http-nio-8080-exec-1] o.s.web.servlet.DispatcherServlet        : Completed initialization in 0 ms
2024-03-28 11:00:16.718  INFO 27428 --- [http-nio-8080-exec-8] com.zaxxer.hikari.HikariDataSource       : HikariPool-1 - Starting...
2024-03-28 11:00:17.045  INFO 27428 --- [http-nio-8080-exec-8] com.zaxxer.hikari.HikariDataSource       : HikariPool-1 - Start completed.
2024-03-28 11:05:34.303  WARN 27428 --- [HikariPool-1 housekeeper] com.zaxxer.hikari.pool.HikariPool        : HikariPool-1 - Thread starvation or clock leap detected (housekeeper delta=4m47s135ms507µs600ns).
2024-03-28 11:36:50.748  WARN 27428 --- [HikariPool-1 housekeeper] com.zaxxer.hikari.pool.HikariPool        : HikariPool-1 - Thread starvation or clock leap detected (housekeeper delta=29m46s425ms395µs700ns).
2024-03-28 11:54:59.028  INFO 27428 --- [SpringApplicationShutdownHook] com.zaxxer.hikari.HikariDataSource       : HikariPool-1 - Shutdown initiated...
2024-03-28 11:54:59.048  INFO 27428 --- [SpringApplicationShutdownHook] com.zaxxer.hikari.HikariDataSource       : HikariPool-1 - Shutdown completed.
2024-03-28 12:55:50.737  INFO 18204 --- [main] c.m.c.ChatroomreviewApplication          : Starting ChatroomreviewApplication using Java 1.8.0_192 on ib with PID 18204 (C:\Code\Java\chatroomreview1\target\classes started by 86135 in C:\Code\Java\chatroomreview1)
2024-03-28 12:55:50.741  INFO 18204 --- [main] c.m.c.ChatroomreviewApplication          : No active profile set, falling back to 1 default profile: "default"
2024-03-28 12:55:51.942  INFO 18204 --- [main] o.s.b.w.embedded.tomcat.TomcatWebServer  : Tomcat initialized with port(s): 8080 (http)
2024-03-28 12:55:51.950  INFO 18204 --- [main] o.apache.catalina.core.StandardService   : Starting service [Tomcat]
2024-03-28 12:55:51.951  INFO 18204 --- [main] org.apache.catalina.core.StandardEngine  : Starting Servlet engine: [Apache Tomcat/9.0.82]
2024-03-28 12:55:53.170  INFO 18204 --- [main] o.a.c.c.C.[Tomcat].[localhost].[/]       : Initializing Spring embedded WebApplicationContext
2024-03-28 12:55:53.173  INFO 18204 --- [main] w.s.c.ServletWebServerApplicationContext : Root WebApplicationContext: initialization completed in 2373 ms
2024-03-28 12:55:55.079  INFO 18204 --- [main] o.s.b.w.embedded.tomcat.TomcatWebServer  : Tomcat started on port(s): 8080 (http) with context path ''
2024-03-28 12:55:55.096  INFO 18204 --- [main] c.m.c.ChatroomreviewApplication          : Started ChatroomreviewApplication in 5.072 seconds (JVM running for 6.812)
2024-03-28 12:56:04.220  INFO 18204 --- [http-nio-8080-exec-1] o.a.c.c.C.[Tomcat].[localhost].[/]       : Initializing Spring DispatcherServlet 'dispatcherServlet'
2024-03-28 12:56:04.221  INFO 18204 --- [http-nio-8080-exec-1] o.s.web.servlet.DispatcherServlet        : Initializing Servlet 'dispatcherServlet'
2024-03-28 12:56:04.222  INFO 18204 --- [http-nio-8080-exec-1] o.s.web.servlet.DispatcherServlet        : Completed initialization in 1 ms
2024-03-28 12:56:04.309  INFO 18204 --- [http-nio-8080-exec-1] com.zaxxer.hikari.HikariDataSource       : HikariPool-1 - Starting...
2024-03-28 12:56:04.611  INFO 18204 --- [http-nio-8080-exec-1] com.zaxxer.hikari.HikariDataSource       : HikariPool-1 - Start completed.
2024-03-28 12:56:04.963 ERROR 18204 --- [http-nio-8080-exec-8] o.a.c.c.C.[.[.[/].[dispatcherServlet]    : Servlet.service() for servlet [dispatcherServlet] in context with path [] threw exception [Request processing failed; nested exception is java.lang.StringIndexOutOfBoundsException: String index out of range: 10] with root cause

java.lang.StringIndexOutOfBoundsException: String index out of range: 10
	at java.lang.String.substring(String.java:1963) ~[na:1.8.0_192]
	at com.mika.chatroomreview.controller.MessageSessionController.getSessionList(MessageSessionController.java:46) ~[classes/:na]
	at sun.reflect.NativeMethodAccessorImpl.invoke0(Native Method) ~[na:1.8.0_192]
	at sun.reflect.NativeMethodAccessorImpl.invoke(NativeMethodAccessorImpl.java:62) ~[na:1.8.0_192]
	at sun.reflect.DelegatingMethodAccessorImpl.invoke(DelegatingMethodAccessorImpl.java:43) ~[na:1.8.0_192]
	at java.lang.reflect.Method.invoke(Method.java:498) ~[na:1.8.0_192]
	at org.springframework.web.method.support.InvocableHandlerMethod.doInvoke(InvocableHandlerMethod.java:205) ~[spring-web-5.3.30.jar:5.3.30]
	at org.springframework.web.method.support.InvocableHandlerMethod.invokeForRequest(InvocableHandlerMethod.java:150) ~[spring-web-5.3.30.jar:5.3.30]
	at org.springframework.web.servlet.mvc.method.annotation.ServletInvocableHandlerMethod.invokeAndHandle(ServletInvocableHandlerMethod.java:117) ~[spring-webmvc-5.3.30.jar:5.3.30]
	at org.springframework.web.servlet.mvc.method.annotation.RequestMappingHandlerAdapter.invokeHandlerMethod(RequestMappingHandlerAdapter.java:895) ~[spring-webmvc-5.3.30.jar:5.3.30]
	at org.springframework.web.servlet.mvc.method.annotation.RequestMappingHandlerAdapter.handleInternal(RequestMappingHandlerAdapter.java:808) ~[spring-webmvc-5.3.30.jar:5.3.30]
	at org.springframework.web.servlet.mvc.method.AbstractHandlerMethodAdapter.handle(AbstractHandlerMethodAdapter.java:87) ~[spring-webmvc-5.3.30.jar:5.3.30]
	at org.springframework.web.servlet.DispatcherServlet.doDispatch(DispatcherServlet.java:1072) ~[spring-webmvc-5.3.30.jar:5.3.30]
	at org.springframework.web.servlet.DispatcherServlet.doService(DispatcherServlet.java:965) ~[spring-webmvc-5.3.30.jar:5.3.30]
	at org.springframework.web.servlet.FrameworkServlet.processRequest(FrameworkServlet.java:1006) ~[spring-webmvc-5.3.30.jar:5.3.30]
	at org.springframework.web.servlet.FrameworkServlet.doGet(FrameworkServlet.java:898) ~[spring-webmvc-5.3.30.jar:5.3.30]
	at javax.servlet.http.HttpServlet.service(HttpServlet.java:529) ~[tomcat-embed-core-9.0.82.jar:4.0.FR]
	at org.springframework.web.servlet.FrameworkServlet.service(FrameworkServlet.java:883) ~[spring-webmvc-5.3.30.jar:5.3.30]
	at javax.servlet.http.HttpServlet.service(HttpServlet.java:623) ~[tomcat-embed-core-9.0.82.jar:4.0.FR]
	at org.apache.catalina.core.ApplicationFilterChain.internalDoFilter(ApplicationFilterChain.java:209) ~[tomcat-embed-core-9.0.82.jar:9.0.82]
	at org.apache.catalina.core.ApplicationFilterChain.doFilter(ApplicationFilterChain.java:153) ~[tomcat-embed-core-9.0.82.jar:9.0.82]
	at org.apache.tomcat.websocket.server.WsFilter.doFilter(WsFilter.java:51) ~[tomcat-embed-websocket-9.0.82.jar:9.0.82]
	at org.apache.catalina.core.ApplicationFilterChain.internalDoFilter(ApplicationFilterChain.java:178) ~[tomcat-embed-core-9.0.82.jar:9.0.82]
	at org.apache.catalina.core.ApplicationFilterChain.doFilter(ApplicationFilterChain.java:153) ~[tomcat-embed-core-9.0.82.jar:9.0.82]
	at org.springframework.web.filter.RequestContextFilter.doFilterInternal(RequestContextFilter.java:100) ~[spring-web-5.3.30.jar:5.3.30]
	at org.springframework.web.filter.OncePerRequestFilter.doFilter(OncePerRequestFilter.java:117) ~[spring-web-5.3.30.jar:5.3.30]
	at org.apache.catalina.core.ApplicationFilterChain.internalDoFilter(ApplicationFilterChain.java:178) ~[tomcat-embed-core-9.0.82.jar:9.0.82]
	at org.apache.catalina.core.ApplicationFilterChain.doFilter(ApplicationFilterChain.java:153) ~[tomcat-embed-core-9.0.82.jar:9.0.82]
	at org.springframework.web.filter.FormContentFilter.doFilterInternal(FormContentFilter.java:93) ~[spring-web-5.3.30.jar:5.3.30]
	at org.springframework.web.filter.OncePerRequestFilter.doFilter(OncePerRequestFilter.java:117) ~[spring-web-5.3.30.jar:5.3.30]
	at org.apache.catalina.core.ApplicationFilterChain.internalDoFilter(ApplicationFilterChain.java:178) ~[tomcat-embed-core-9.0.82.jar:9.0.82]
	at org.apache.catalina.core.ApplicationFilterChain.doFilter(ApplicationFilterChain.java:153) ~[tomcat-embed-core-9.0.82.jar:9.0.82]
	at org.springframework.web.filter.CharacterEncodingFilter.doFilterInternal(CharacterEncodingFilter.java:201) ~[spring-web-5.3.30.jar:5.3.30]
	at org.springframework.web.filter.OncePerRequestFilter.doFilter(OncePerRequestFilter.java:117) ~[spring-web-5.3.30.jar:5.3.30]
	at org.apache.catalina.core.ApplicationFilterChain.internalDoFilter(ApplicationFilterChain.java:178) ~[tomcat-embed-core-9.0.82.jar:9.0.82]
	at org.apache.catalina.core.ApplicationFilterChain.doFilter(ApplicationFilterChain.java:153) ~[tomcat-embed-core-9.0.82.jar:9.0.82]
	at org.apache.catalina.core.StandardWrapperValve.invoke(StandardWrapperValve.java:168) ~[tomcat-embed-core-9.0.82.jar:9.0.82]
	at org.apache.catalina.core.StandardContextValve.invoke(StandardContextValve.java:90) [tomcat-embed-core-9.0.82.jar:9.0.82]
	at org.apache.catalina.authenticator.AuthenticatorBase.invoke(AuthenticatorBase.java:481) [tomcat-embed-core-9.0.82.jar:9.0.82]
	at org.apache.catalina.core.StandardHostValve.invoke(StandardHostValve.java:130) [tomcat-embed-core-9.0.82.jar:9.0.82]
	at org.apache.catalina.valves.ErrorReportValve.invoke(ErrorReportValve.java:93) [tomcat-embed-core-9.0.82.jar:9.0.82]
	at org.apache.catalina.core.StandardEngineValve.invoke(StandardEngineValve.java:74) [tomcat-embed-core-9.0.82.jar:9.0.82]
	at org.apache.catalina.connector.CoyoteAdapter.service(CoyoteAdapter.java:342) [tomcat-embed-core-9.0.82.jar:9.0.82]
	at org.apache.coyote.http11.Http11Processor.service(Http11Processor.java:390) [tomcat-embed-core-9.0.82.jar:9.0.82]
	at org.apache.coyote.AbstractProcessorLight.process(AbstractProcessorLight.java:63) [tomcat-embed-core-9.0.82.jar:9.0.82]
	at org.apache.coyote.AbstractProtocol$ConnectionHandler.process(AbstractProtocol.java:928) [tomcat-embed-core-9.0.82.jar:9.0.82]
	at org.apache.tomcat.util.net.NioEndpoint$SocketProcessor.doRun(NioEndpoint.java:1794) [tomcat-embed-core-9.0.82.jar:9.0.82]
	at org.apache.tomcat.util.net.SocketProcessorBase.run(SocketProcessorBase.java:52) [tomcat-embed-core-9.0.82.jar:9.0.82]
	at org.apache.tomcat.util.threads.ThreadPoolExecutor.runWorker(ThreadPoolExecutor.java:1191) [tomcat-embed-core-9.0.82.jar:9.0.82]
	at org.apache.tomcat.util.threads.ThreadPoolExecutor$Worker.run(ThreadPoolExecutor.java:659) [tomcat-embed-core-9.0.82.jar:9.0.82]
	at org.apache.tomcat.util.threads.TaskThread$WrappingRunnable.run(TaskThread.java:61) [tomcat-embed-core-9.0.82.jar:9.0.82]
	at java.lang.Thread.run(Thread.java:748) [na:1.8.0_192]

2024-03-28 12:56:55.080  INFO 18204 --- [SpringApplicationShutdownHook] com.zaxxer.hikari.HikariDataSource       : HikariPool-1 - Shutdown initiated...
2024-03-28 12:56:55.088  INFO 18204 --- [SpringApplicationShutdownHook] com.zaxxer.hikari.HikariDataSource       : HikariPool-1 - Shutdown completed.
2024-03-28 12:56:58.098  INFO 23476 --- [main] c.m.c.ChatroomreviewApplication          : Starting ChatroomreviewApplication using Java 1.8.0_192 on ib with PID 23476 (C:\Code\Java\chatroomreview1\target\classes started by 86135 in C:\Code\Java\chatroomreview1)
2024-03-28 12:56:58.100  INFO 23476 --- [main] c.m.c.ChatroomreviewApplication          : No active profile set, falling back to 1 default profile: "default"
2024-03-28 12:56:59.052  INFO 23476 --- [main] o.s.b.w.embedded.tomcat.TomcatWebServer  : Tomcat initialized with port(s): 8080 (http)
2024-03-28 12:56:59.060  INFO 23476 --- [main] o.apache.catalina.core.StandardService   : Starting service [Tomcat]
2024-03-28 12:56:59.060  INFO 23476 --- [main] org.apache.catalina.core.StandardEngine  : Starting Servlet engine: [Apache Tomcat/9.0.82]
2024-03-28 12:56:59.178  INFO 23476 --- [main] o.a.c.c.C.[Tomcat].[localhost].[/]       : Initializing Spring embedded WebApplicationContext
2024-03-28 12:56:59.179  INFO 23476 --- [main] w.s.c.ServletWebServerApplicationContext : Root WebApplicationContext: initialization completed in 1044 ms
2024-03-28 12:56:59.761  INFO 23476 --- [main] o.s.b.w.embedded.tomcat.TomcatWebServer  : Tomcat started on port(s): 8080 (http) with context path ''
2024-03-28 12:56:59.773  INFO 23476 --- [main] c.m.c.ChatroomreviewApplication          : Started ChatroomreviewApplication in 1.998 seconds (JVM running for 2.323)
2024-03-28 12:57:15.006  INFO 23476 --- [http-nio-8080-exec-1] o.a.c.c.C.[Tomcat].[localhost].[/]       : Initializing Spring DispatcherServlet 'dispatcherServlet'
2024-03-28 12:57:15.007  INFO 23476 --- [http-nio-8080-exec-1] o.s.web.servlet.DispatcherServlet        : Initializing Servlet 'dispatcherServlet'
2024-03-28 12:57:15.009  INFO 23476 --- [http-nio-8080-exec-1] o.s.web.servlet.DispatcherServlet        : Completed initialization in 1 ms
2024-03-28 12:57:15.090  INFO 23476 --- [http-nio-8080-exec-1] com.zaxxer.hikari.HikariDataSource       : HikariPool-1 - Starting...
2024-03-28 12:57:15.362  INFO 23476 --- [http-nio-8080-exec-1] com.zaxxer.hikari.HikariDataSource       : HikariPool-1 - Start completed.
2024-03-28 12:57:22.133  INFO 23476 --- [SpringApplicationShutdownHook] com.zaxxer.hikari.HikariDataSource       : HikariPool-1 - Shutdown initiated...
2024-03-28 12:57:22.169  INFO 23476 --- [SpringApplicationShutdownHook] com.zaxxer.hikari.HikariDataSource       : HikariPool-1 - Shutdown completed.
2024-03-28 13:13:32.534  INFO 16244 --- [main] c.m.c.ChatroomreviewApplication          : Starting ChatroomreviewApplication using Java 1.8.0_192 on ib with PID 16244 (C:\Code\Java\chatroomreview1\target\classes started by 86135 in C:\Code\Java\chatroomreview1)
2024-03-28 13:13:32.536  INFO 16244 --- [main] c.m.c.ChatroomreviewApplication          : No active profile set, falling back to 1 default profile: "default"
2024-03-28 13:13:33.486  INFO 16244 --- [main] o.s.b.w.embedded.tomcat.TomcatWebServer  : Tomcat initialized with port(s): 8080 (http)
2024-03-28 13:13:33.495  INFO 16244 --- [main] o.apache.catalina.core.StandardService   : Starting service [Tomcat]
2024-03-28 13:13:33.495  INFO 16244 --- [main] org.apache.catalina.core.StandardEngine  : Starting Servlet engine: [Apache Tomcat/9.0.82]
2024-03-28 13:13:33.619  INFO 16244 --- [main] o.a.c.c.C.[Tomcat].[localhost].[/]       : Initializing Spring embedded WebApplicationContext
2024-03-28 13:13:33.619  INFO 16244 --- [main] w.s.c.ServletWebServerApplicationContext : Root WebApplicationContext: initialization completed in 1050 ms
2024-03-28 13:13:34.214  INFO 16244 --- [main] o.s.b.w.embedded.tomcat.TomcatWebServer  : Tomcat started on port(s): 8080 (http) with context path ''
2024-03-28 13:13:34.228  INFO 16244 --- [main] c.m.c.ChatroomreviewApplication          : Started ChatroomreviewApplication in 2.005 seconds (JVM running for 2.331)
2024-03-28 13:13:42.214  INFO 16244 --- [http-nio-8080-exec-1] o.a.c.c.C.[Tomcat].[localhost].[/]       : Initializing Spring DispatcherServlet 'dispatcherServlet'
2024-03-28 13:13:42.215  INFO 16244 --- [http-nio-8080-exec-1] o.s.web.servlet.DispatcherServlet        : Initializing Servlet 'dispatcherServlet'
2024-03-28 13:13:42.216  INFO 16244 --- [http-nio-8080-exec-1] o.s.web.servlet.DispatcherServlet        : Completed initialization in 0 ms
2024-03-28 13:13:50.385  INFO 16244 --- [http-nio-8080-exec-4] com.zaxxer.hikari.HikariDataSource       : HikariPool-1 - Starting...
2024-03-28 13:13:50.653  INFO 16244 --- [http-nio-8080-exec-4] com.zaxxer.hikari.HikariDataSource       : HikariPool-1 - Start completed.
2024-03-28 13:14:04.173  INFO 16244 --- [SpringApplicationShutdownHook] com.zaxxer.hikari.HikariDataSource       : HikariPool-1 - Shutdown initiated...
2024-03-28 13:14:04.194  INFO 16244 --- [SpringApplicationShutdownHook] com.zaxxer.hikari.HikariDataSource       : HikariPool-1 - Shutdown completed.
2024-03-28 13:26:32.092  INFO 15988 --- [main] c.m.c.ChatroomreviewApplication          : Starting ChatroomreviewApplication using Java 1.8.0_192 on ib with PID 15988 (C:\Code\Java\chatroomreview1\target\classes started by 86135 in C:\Code\Java\chatroomreview1)
2024-03-28 13:26:32.094  INFO 15988 --- [main] c.m.c.ChatroomreviewApplication          : No active profile set, falling back to 1 default profile: "default"
2024-03-28 13:26:33.112  INFO 15988 --- [main] o.s.b.w.embedded.tomcat.TomcatWebServer  : Tomcat initialized with port(s): 8080 (http)
2024-03-28 13:26:33.120  INFO 15988 --- [main] o.apache.catalina.core.StandardService   : Starting service [Tomcat]
2024-03-28 13:26:33.121  INFO 15988 --- [main] org.apache.catalina.core.StandardEngine  : Starting Servlet engine: [Apache Tomcat/9.0.82]
2024-03-28 13:26:33.245  INFO 15988 --- [main] o.a.c.c.C.[Tomcat].[localhost].[/]       : Initializing Spring embedded WebApplicationContext
2024-03-28 13:26:33.245  INFO 15988 --- [main] w.s.c.ServletWebServerApplicationContext : Root WebApplicationContext: initialization completed in 1115 ms
2024-03-28 13:26:33.882  INFO 15988 --- [main] o.s.b.w.embedded.tomcat.TomcatWebServer  : Tomcat started on port(s): 8080 (http) with context path ''
2024-03-28 13:26:33.893  INFO 15988 --- [main] c.m.c.ChatroomreviewApplication          : Started ChatroomreviewApplication in 2.146 seconds (JVM running for 2.488)
2024-03-28 13:26:34.060  INFO 15988 --- [http-nio-8080-exec-1] o.a.c.c.C.[Tomcat].[localhost].[/]       : Initializing Spring DispatcherServlet 'dispatcherServlet'
2024-03-28 13:26:34.061  INFO 15988 --- [http-nio-8080-exec-1] o.s.web.servlet.DispatcherServlet        : Initializing Servlet 'dispatcherServlet'
2024-03-28 13:26:34.062  INFO 15988 --- [http-nio-8080-exec-1] o.s.web.servlet.DispatcherServlet        : Completed initialization in 1 ms
2024-03-28 13:26:41.999  INFO 15988 --- [http-nio-8080-exec-7] com.zaxxer.hikari.HikariDataSource       : HikariPool-1 - Starting...
2024-03-28 13:26:42.281  INFO 15988 --- [http-nio-8080-exec-7] com.zaxxer.hikari.HikariDataSource       : HikariPool-1 - Start completed.
2024-03-28 13:27:27.229  INFO 15988 --- [SpringApplicationShutdownHook] com.zaxxer.hikari.HikariDataSource       : HikariPool-1 - Shutdown initiated...
2024-03-28 13:27:27.239  INFO 15988 --- [SpringApplicationShutdownHook] com.zaxxer.hikari.HikariDataSource       : HikariPool-1 - Shutdown completed.
2024-03-28 13:27:42.445  INFO 16136 --- [main] c.m.c.ChatroomreviewApplication          : Starting ChatroomreviewApplication using Java 1.8.0_192 on ib with PID 16136 (C:\Code\Java\chatroomreview1\target\classes started by 86135 in C:\Code\Java\chatroomreview1)
2024-03-28 13:27:42.447  INFO 16136 --- [main] c.m.c.ChatroomreviewApplication          : No active profile set, falling back to 1 default profile: "default"
2024-03-28 13:27:43.417  INFO 16136 --- [main] o.s.b.w.embedded.tomcat.TomcatWebServer  : Tomcat initialized with port(s): 8080 (http)
2024-03-28 13:27:43.426  INFO 16136 --- [main] o.apache.catalina.core.StandardService   : Starting service [Tomcat]
2024-03-28 13:27:43.426  INFO 16136 --- [main] org.apache.catalina.core.StandardEngine  : Starting Servlet engine: [Apache Tomcat/9.0.82]
2024-03-28 13:27:43.547  INFO 16136 --- [main] o.a.c.c.C.[Tomcat].[localhost].[/]       : Initializing Spring embedded WebApplicationContext
2024-03-28 13:27:43.547  INFO 16136 --- [main] w.s.c.ServletWebServerApplicationContext : Root WebApplicationContext: initialization completed in 1065 ms
2024-03-28 13:27:44.155  INFO 16136 --- [main] o.s.b.w.embedded.tomcat.TomcatWebServer  : Tomcat started on port(s): 8080 (http) with context path ''
2024-03-28 13:27:44.167  INFO 16136 --- [main] c.m.c.ChatroomreviewApplication          : Started ChatroomreviewApplication in 2.044 seconds (JVM running for 2.381)
2024-03-28 13:27:44.255  INFO 16136 --- [http-nio-8080-exec-1] o.a.c.c.C.[Tomcat].[localhost].[/]       : Initializing Spring DispatcherServlet 'dispatcherServlet'
2024-03-28 13:27:44.255  INFO 16136 --- [http-nio-8080-exec-1] o.s.web.servlet.DispatcherServlet        : Initializing Servlet 'dispatcherServlet'
2024-03-28 13:27:44.256  INFO 16136 --- [http-nio-8080-exec-1] o.s.web.servlet.DispatcherServlet        : Completed initialization in 1 ms
2024-03-28 13:27:53.334  INFO 16136 --- [http-nio-8080-exec-7] com.zaxxer.hikari.HikariDataSource       : HikariPool-1 - Starting...
2024-03-28 13:27:53.620  INFO 16136 --- [http-nio-8080-exec-7] com.zaxxer.hikari.HikariDataSource       : HikariPool-1 - Start completed.
2024-03-28 13:28:21.608  WARN 16136 --- [http-nio-8080-exec-4] .w.s.m.s.DefaultHandlerExceptionResolver : Resolved [org.springframework.web.method.annotation.MethodArgumentTypeMismatchException: Failed to convert value of type 'java.lang.String' to required type 'java.lang.Integer'; nested exception is java.lang.NumberFormatException: For input string: "null"]
2024-03-28 13:28:31.097  INFO 16136 --- [SpringApplicationShutdownHook] com.zaxxer.hikari.HikariDataSource       : HikariPool-1 - Shutdown initiated...
2024-03-28 13:28:31.120  INFO 16136 --- [SpringApplicationShutdownHook] com.zaxxer.hikari.HikariDataSource       : HikariPool-1 - Shutdown completed.
2024-03-28 20:33:57.434  INFO 20888 --- [main] c.m.c.ChatroomreviewApplication          : Starting ChatroomreviewApplication using Java 1.8.0_192 on ib with PID 20888 (C:\Code\Java\chatroomreview1\target\classes started by 86135 in C:\Code\Java\chatroomreview1)
2024-03-28 20:33:57.436  INFO 20888 --- [main] c.m.c.ChatroomreviewApplication          : No active profile set, falling back to 1 default profile: "default"
2024-03-28 20:33:58.488  INFO 20888 --- [main] o.s.b.w.embedded.tomcat.TomcatWebServer  : Tomcat initialized with port(s): 8080 (http)
2024-03-28 20:33:58.497  INFO 20888 --- [main] o.apache.catalina.core.StandardService   : Starting service [Tomcat]
2024-03-28 20:33:58.497  INFO 20888 --- [main] org.apache.catalina.core.StandardEngine  : Starting Servlet engine: [Apache Tomcat/9.0.82]
2024-03-28 20:33:58.642  INFO 20888 --- [main] o.a.c.c.C.[Tomcat].[localhost].[/]       : Initializing Spring embedded WebApplicationContext
2024-03-28 20:33:58.643  INFO 20888 --- [main] w.s.c.ServletWebServerApplicationContext : Root WebApplicationContext: initialization completed in 1171 ms
2024-03-28 20:33:59.484  INFO 20888 --- [main] o.s.b.w.embedded.tomcat.TomcatWebServer  : Tomcat started on port(s): 8080 (http) with context path ''
2024-03-28 20:33:59.514  INFO 20888 --- [main] c.m.c.ChatroomreviewApplication          : Started ChatroomreviewApplication in 2.434 seconds (JVM running for 2.81)
2024-03-28 20:34:06.962  INFO 20888 --- [http-nio-8080-exec-5] o.a.c.c.C.[Tomcat].[localhost].[/]       : Initializing Spring DispatcherServlet 'dispatcherServlet'
2024-03-28 20:34:06.962  INFO 20888 --- [http-nio-8080-exec-5] o.s.web.servlet.DispatcherServlet        : Initializing Servlet 'dispatcherServlet'
2024-03-28 20:34:06.962  INFO 20888 --- [http-nio-8080-exec-5] o.s.web.servlet.DispatcherServlet        : Completed initialization in 0 ms
2024-03-28 20:34:15.652  INFO 20888 --- [http-nio-8080-exec-4] com.zaxxer.hikari.HikariDataSource       : HikariPool-1 - Starting...
2024-03-28 20:34:15.947  INFO 20888 --- [http-nio-8080-exec-4] com.zaxxer.hikari.HikariDataSource       : HikariPool-1 - Start completed.
2024-03-28 20:34:16.088  INFO 20888 --- [http-nio-8080-exec-7] c.m.c.component.OnlineUserManager        : 用户1上线
2024-03-28 20:35:32.872  INFO 20888 --- [http-nio-8080-exec-5] c.m.c.component.OnlineUserManager        : 用户4上线
2024-03-28 20:35:42.448  WARN 20888 --- [http-nio-8080-exec-2] .w.s.m.s.DefaultHandlerExceptionResolver : Resolved [org.springframework.web.method.annotation.MethodArgumentTypeMismatchException: Failed to convert value of type 'java.lang.String' to required type 'java.lang.Integer'; nested exception is java.lang.NumberFormatException: For input string: "null"]
2024-03-28 20:35:57.371 ERROR 20888 --- [http-nio-8080-exec-8] w.s.h.ExceptionWebSocketHandlerDecorator : Closing session due to exception for StandardWebSocketSession[id=20329e43-d0e3-c6b8-a4c6-26b72911c7f6, uri=ws://127.0.0.1:8080/WebSocketMessage]

org.springframework.dao.DataIntegrityViolationException: 
### Error updating database.  Cause: java.sql.SQLIntegrityConstraintViolationException: Column 'session_id' cannot be null
### The error may exist in com/mika/chatroomreview/mapper/MessageMapper.java (best guess)
### The error may involve com.mika.chatroomreview.mapper.MessageMapper.addMessage-Inline
### The error occurred while setting parameters
### SQL: insert into message(message_id,from_id,session_id,content) values(?,?,?,?)
### Cause: java.sql.SQLIntegrityConstraintViolationException: Column 'session_id' cannot be null
; Column 'session_id' cannot be null; nested exception is java.sql.SQLIntegrityConstraintViolationException: Column 'session_id' cannot be null
	at org.springframework.jdbc.support.SQLExceptionSubclassTranslator.doTranslate(SQLExceptionSubclassTranslator.java:87) ~[spring-jdbc-5.3.30.jar:5.3.30]
	at org.springframework.jdbc.support.AbstractFallbackSQLExceptionTranslator.translate(AbstractFallbackSQLExceptionTranslator.java:73) ~[spring-jdbc-5.3.30.jar:5.3.30]
	at org.springframework.jdbc.support.AbstractFallbackSQLExceptionTranslator.translate(AbstractFallbackSQLExceptionTranslator.java:82) ~[spring-jdbc-5.3.30.jar:5.3.30]
	at org.mybatis.spring.MyBatisExceptionTranslator.translateExceptionIfPossible(MyBatisExceptionTranslator.java:92) ~[mybatis-spring-2.1.1.jar:2.1.1]
	at org.mybatis.spring.SqlSessionTemplate$SqlSessionInterceptor.invoke(SqlSessionTemplate.java:439) ~[mybatis-spring-2.1.1.jar:2.1.1]
	at com.sun.proxy.$Proxy56.insert(Unknown Source) ~[na:na]
	at org.mybatis.spring.SqlSessionTemplate.insert(SqlSessionTemplate.java:272) ~[mybatis-spring-2.1.1.jar:2.1.1]
	at org.apache.ibatis.binding.MapperMethod.execute(MapperMethod.java:62) ~[mybatis-3.5.13.jar:3.5.13]
	at org.apache.ibatis.binding.MapperProxy$PlainMethodInvoker.invoke(MapperProxy.java:142) ~[mybatis-3.5.13.jar:3.5.13]
	at org.apache.ibatis.binding.MapperProxy.invoke(MapperProxy.java:86) ~[mybatis-3.5.13.jar:3.5.13]
	at com.sun.proxy.$Proxy61.addMessage(Unknown Source) ~[na:na]
	at com.mika.chatroomreview.service.MessageService.addMessage(MessageService.java:20) ~[classes/:na]
	at com.mika.chatroomreview.config.WebSocketHandler.transferMessage(WebSocketHandler.java:88) ~[classes/:na]
	at com.mika.chatroomreview.config.WebSocketHandler.handleTextMessage(WebSocketHandler.java:64) ~[classes/:na]
	at org.springframework.web.socket.handler.AbstractWebSocketHandler.handleMessage(AbstractWebSocketHandler.java:43) ~[spring-websocket-5.3.30.jar:5.3.30]
	at org.springframework.web.socket.handler.WebSocketHandlerDecorator.handleMessage(WebSocketHandlerDecorator.java:75) ~[spring-websocket-5.3.30.jar:5.3.30]
	at org.springframework.web.socket.handler.LoggingWebSocketHandlerDecorator.handleMessage(LoggingWebSocketHandlerDecorator.java:56) ~[spring-websocket-5.3.30.jar:5.3.30]
	at org.springframework.web.socket.handler.ExceptionWebSocketHandlerDecorator.handleMessage(ExceptionWebSocketHandlerDecorator.java:58) ~[spring-websocket-5.3.30.jar:5.3.30]
	at org.springframework.web.socket.adapter.standard.StandardWebSocketHandlerAdapter.handleTextMessage(StandardWebSocketHandlerAdapter.java:114) [spring-websocket-5.3.30.jar:5.3.30]
	at org.springframework.web.socket.adapter.standard.StandardWebSocketHandlerAdapter.access$000(StandardWebSocketHandlerAdapter.java:43) [spring-websocket-5.3.30.jar:5.3.30]
	at org.springframework.web.socket.adapter.standard.StandardWebSocketHandlerAdapter$3.onMessage(StandardWebSocketHandlerAdapter.java:85) [spring-websocket-5.3.30.jar:5.3.30]
	at org.springframework.web.socket.adapter.standard.StandardWebSocketHandlerAdapter$3.onMessage(StandardWebSocketHandlerAdapter.java:82) [spring-websocket-5.3.30.jar:5.3.30]
	at org.apache.tomcat.websocket.WsFrameBase.sendMessageText(WsFrameBase.java:390) [tomcat-embed-websocket-9.0.82.jar:9.0.82]
	at org.apache.tomcat.websocket.server.WsFrameServer.sendMessageText(WsFrameServer.java:130) [tomcat-embed-websocket-9.0.82.jar:9.0.82]
	at org.apache.tomcat.websocket.WsFrameBase.processDataText(WsFrameBase.java:484) [tomcat-embed-websocket-9.0.82.jar:9.0.82]
	at org.apache.tomcat.websocket.WsFrameBase.processData(WsFrameBase.java:284) [tomcat-embed-websocket-9.0.82.jar:9.0.82]
	at org.apache.tomcat.websocket.WsFrameBase.processInputBuffer(WsFrameBase.java:130) [tomcat-embed-websocket-9.0.82.jar:9.0.82]
	at org.apache.tomcat.websocket.server.WsFrameServer.onDataAvailable(WsFrameServer.java:85) [tomcat-embed-websocket-9.0.82.jar:9.0.82]
	at org.apache.tomcat.websocket.server.WsFrameServer.doOnDataAvailable(WsFrameServer.java:184) [tomcat-embed-websocket-9.0.82.jar:9.0.82]
	at org.apache.tomcat.websocket.server.WsFrameServer.notifyDataAvailable(WsFrameServer.java:164) [tomcat-embed-websocket-9.0.82.jar:9.0.82]
	at org.apache.tomcat.websocket.server.WsHttpUpgradeHandler.upgradeDispatch(WsHttpUpgradeHandler.java:152) [tomcat-embed-websocket-9.0.82.jar:9.0.82]
	at org.apache.coyote.http11.upgrade.UpgradeProcessorInternal.dispatch(UpgradeProcessorInternal.java:60) [tomcat-embed-core-9.0.82.jar:9.0.82]
	at org.apache.coyote.AbstractProcessorLight.process(AbstractProcessorLight.java:57) [tomcat-embed-core-9.0.82.jar:9.0.82]
	at org.apache.coyote.AbstractProtocol$ConnectionHandler.process(AbstractProtocol.java:928) [tomcat-embed-core-9.0.82.jar:9.0.82]
	at org.apache.tomcat.util.net.NioEndpoint$SocketProcessor.doRun(NioEndpoint.java:1794) [tomcat-embed-core-9.0.82.jar:9.0.82]
	at org.apache.tomcat.util.net.SocketProcessorBase.run(SocketProcessorBase.java:52) [tomcat-embed-core-9.0.82.jar:9.0.82]
	at org.apache.tomcat.util.threads.ThreadPoolExecutor.runWorker(ThreadPoolExecutor.java:1191) [tomcat-embed-core-9.0.82.jar:9.0.82]
	at org.apache.tomcat.util.threads.ThreadPoolExecutor$Worker.run(ThreadPoolExecutor.java:659) [tomcat-embed-core-9.0.82.jar:9.0.82]
	at org.apache.tomcat.util.threads.TaskThread$WrappingRunnable.run(TaskThread.java:61) [tomcat-embed-core-9.0.82.jar:9.0.82]
	at java.lang.Thread.run(Thread.java:748) [na:1.8.0_192]
Caused by: java.sql.SQLIntegrityConstraintViolationException: Column 'session_id' cannot be null
	at com.mysql.cj.jdbc.exceptions.SQLError.createSQLException(SQLError.java:118) ~[mysql-connector-j-8.0.33.jar:8.0.33]
	at com.mysql.cj.jdbc.exceptions.SQLExceptionsMapping.translateException(SQLExceptionsMapping.java:122) ~[mysql-connector-j-8.0.33.jar:8.0.33]
	at com.mysql.cj.jdbc.ClientPreparedStatement.executeInternal(ClientPreparedStatement.java:916) ~[mysql-connector-j-8.0.33.jar:8.0.33]
	at com.mysql.cj.jdbc.ClientPreparedStatement.execute(ClientPreparedStatement.java:354) ~[mysql-connector-j-8.0.33.jar:8.0.33]
	at com.zaxxer.hikari.pool.ProxyPreparedStatement.execute(ProxyPreparedStatement.java:44) ~[HikariCP-4.0.3.jar:na]
	at com.zaxxer.hikari.pool.HikariProxyPreparedStatement.execute(HikariProxyPreparedStatement.java) ~[HikariCP-4.0.3.jar:na]
	at sun.reflect.NativeMethodAccessorImpl.invoke0(Native Method) ~[na:1.8.0_192]
	at sun.reflect.NativeMethodAccessorImpl.invoke(NativeMethodAccessorImpl.java:62) ~[na:1.8.0_192]
	at sun.reflect.DelegatingMethodAccessorImpl.invoke(DelegatingMethodAccessorImpl.java:43) ~[na:1.8.0_192]
	at java.lang.reflect.Method.invoke(Method.java:498) ~[na:1.8.0_192]
	at org.apache.ibatis.logging.jdbc.PreparedStatementLogger.invoke(PreparedStatementLogger.java:58) ~[mybatis-3.5.13.jar:3.5.13]
	at com.sun.proxy.$Proxy74.execute(Unknown Source) ~[na:na]
	at org.apache.ibatis.executor.statement.PreparedStatementHandler.update(PreparedStatementHandler.java:48) ~[mybatis-3.5.13.jar:3.5.13]
	at org.apache.ibatis.executor.statement.RoutingStatementHandler.update(RoutingStatementHandler.java:75) ~[mybatis-3.5.13.jar:3.5.13]
	at org.apache.ibatis.executor.SimpleExecutor.doUpdate(SimpleExecutor.java:50) ~[mybatis-3.5.13.jar:3.5.13]
	at org.apache.ibatis.executor.BaseExecutor.update(BaseExecutor.java:117) ~[mybatis-3.5.13.jar:3.5.13]
	at org.apache.ibatis.executor.CachingExecutor.update(CachingExecutor.java:76) ~[mybatis-3.5.13.jar:3.5.13]
	at org.apache.ibatis.session.defaults.DefaultSqlSession.update(DefaultSqlSession.java:197) ~[mybatis-3.5.13.jar:3.5.13]
	at org.apache.ibatis.session.defaults.DefaultSqlSession.insert(DefaultSqlSession.java:184) ~[mybatis-3.5.13.jar:3.5.13]
	at sun.reflect.NativeMethodAccessorImpl.invoke0(Native Method) ~[na:1.8.0_192]
	at sun.reflect.NativeMethodAccessorImpl.invoke(NativeMethodAccessorImpl.java:62) ~[na:1.8.0_192]
	at sun.reflect.DelegatingMethodAccessorImpl.invoke(DelegatingMethodAccessorImpl.java:43) ~[na:1.8.0_192]
	at java.lang.reflect.Method.invoke(Method.java:498) ~[na:1.8.0_192]
	at org.mybatis.spring.SqlSessionTemplate$SqlSessionInterceptor.invoke(SqlSessionTemplate.java:425) ~[mybatis-spring-2.1.1.jar:2.1.1]
	... 35 common frames omitted

2024-03-28 20:35:57.373  INFO 20888 --- [http-nio-8080-exec-8] c.m.c.component.OnlineUserManager        : [1] 用户下线！
2024-03-28 20:36:00.858  WARN 20888 --- [http-nio-8080-exec-3] .w.s.m.s.DefaultHandlerExceptionResolver : Resolved [org.springframework.web.method.annotation.MethodArgumentTypeMismatchException: Failed to convert value of type 'java.lang.String' to required type 'java.lang.Integer'; nested exception is java.lang.NumberFormatException: For input string: "null"]
2024-03-28 20:41:14.073  INFO 20888 --- [SpringApplicationShutdownHook] c.m.c.component.OnlineUserManager        : [4] 用户下线！
2024-03-28 20:41:14.078  INFO 20888 --- [SpringApplicationShutdownHook] com.zaxxer.hikari.HikariDataSource       : HikariPool-1 - Shutdown initiated...
2024-03-28 20:41:14.089  INFO 20888 --- [SpringApplicationShutdownHook] com.zaxxer.hikari.HikariDataSource       : HikariPool-1 - Shutdown completed.
2024-03-28 20:41:17.819  INFO 24388 --- [main] c.m.c.ChatroomreviewApplication          : Starting ChatroomreviewApplication using Java 1.8.0_192 on ib with PID 24388 (C:\Code\Java\chatroomreview1\target\classes started by 86135 in C:\Code\Java\chatroomreview1)
2024-03-28 20:41:17.821  INFO 24388 --- [main] c.m.c.ChatroomreviewApplication          : No active profile set, falling back to 1 default profile: "default"
2024-03-28 20:41:18.888  INFO 24388 --- [main] o.s.b.w.embedded.tomcat.TomcatWebServer  : Tomcat initialized with port(s): 8080 (http)
2024-03-28 20:41:18.897  INFO 24388 --- [main] o.apache.catalina.core.StandardService   : Starting service [Tomcat]
2024-03-28 20:41:18.898  INFO 24388 --- [main] org.apache.catalina.core.StandardEngine  : Starting Servlet engine: [Apache Tomcat/9.0.82]
2024-03-28 20:41:19.022  INFO 24388 --- [main] o.a.c.c.C.[Tomcat].[localhost].[/]       : Initializing Spring embedded WebApplicationContext
2024-03-28 20:41:19.022  INFO 24388 --- [main] w.s.c.ServletWebServerApplicationContext : Root WebApplicationContext: initialization completed in 1163 ms
2024-03-28 20:41:19.753  INFO 24388 --- [main] o.s.b.w.embedded.tomcat.TomcatWebServer  : Tomcat started on port(s): 8080 (http) with context path ''
2024-03-28 20:41:19.768  INFO 24388 --- [main] c.m.c.ChatroomreviewApplication          : Started ChatroomreviewApplication in 2.311 seconds (JVM running for 2.729)
2024-03-28 20:41:23.737  INFO 24388 --- [http-nio-8080-exec-1] o.a.c.c.C.[Tomcat].[localhost].[/]       : Initializing Spring DispatcherServlet 'dispatcherServlet'
2024-03-28 20:41:23.737  INFO 24388 --- [http-nio-8080-exec-1] o.s.web.servlet.DispatcherServlet        : Initializing Servlet 'dispatcherServlet'
2024-03-28 20:41:23.738  INFO 24388 --- [http-nio-8080-exec-1] o.s.web.servlet.DispatcherServlet        : Completed initialization in 0 ms
2024-03-28 20:41:32.463  INFO 24388 --- [http-nio-8080-exec-8] com.zaxxer.hikari.HikariDataSource       : HikariPool-1 - Starting...
2024-03-28 20:41:32.604  INFO 24388 --- [http-nio-8080-exec-8] com.zaxxer.hikari.HikariDataSource       : HikariPool-1 - Start completed.
2024-03-28 20:41:32.695  INFO 24388 --- [http-nio-8080-exec-10] c.m.c.component.OnlineUserManager        : 用户1上线
2024-03-28 20:41:48.825  INFO 24388 --- [http-nio-8080-exec-7] c.m.c.component.OnlineUserManager        : 用户4上线
2024-03-28 20:42:08.941  WARN 24388 --- [http-nio-8080-exec-8] .w.s.m.s.DefaultHandlerExceptionResolver : Resolved [org.springframework.web.method.annotation.MethodArgumentTypeMismatchException: Failed to convert value of type 'java.lang.String' to required type 'java.lang.Integer'; nested exception is java.lang.NumberFormatException: For input string: "null"]
2024-03-28 20:42:46.405  INFO 24388 --- [http-nio-8080-exec-9] c.m.c.config.WebSocketHandler            : WebSocketHandler 收到消息！TextMessage payload=[{"type":"m..], byteCount=57, last=true]
2024-03-28 20:42:46.443 ERROR 24388 --- [http-nio-8080-exec-9] w.s.h.ExceptionWebSocketHandlerDecorator : Closing session due to exception for StandardWebSocketSession[id=83347078-afa9-1622-bdc0-2d2ed78d505c, uri=ws://127.0.0.1:8080/WebSocketMessage]

org.mybatis.spring.MyBatisSystemException: nested exception is org.apache.ibatis.reflection.ReflectionException: There is no getter for property named '#{fromId' in 'class com.mika.chatroomreview.model.Message'
	at org.mybatis.spring.MyBatisExceptionTranslator.translateExceptionIfPossible(MyBatisExceptionTranslator.java:97) ~[mybatis-spring-2.1.1.jar:2.1.1]
	at org.mybatis.spring.SqlSessionTemplate$SqlSessionInterceptor.invoke(SqlSessionTemplate.java:439) ~[mybatis-spring-2.1.1.jar:2.1.1]
	at com.sun.proxy.$Proxy56.insert(Unknown Source) ~[na:na]
	at org.mybatis.spring.SqlSessionTemplate.insert(SqlSessionTemplate.java:272) ~[mybatis-spring-2.1.1.jar:2.1.1]
	at org.apache.ibatis.binding.MapperMethod.execute(MapperMethod.java:62) ~[mybatis-3.5.13.jar:3.5.13]
	at org.apache.ibatis.binding.MapperProxy$PlainMethodInvoker.invoke(MapperProxy.java:142) ~[mybatis-3.5.13.jar:3.5.13]
	at org.apache.ibatis.binding.MapperProxy.invoke(MapperProxy.java:86) ~[mybatis-3.5.13.jar:3.5.13]
	at com.sun.proxy.$Proxy61.addMessage(Unknown Source) ~[na:na]
	at com.mika.chatroomreview.service.MessageService.addMessage(MessageService.java:20) ~[classes/:na]
	at com.mika.chatroomreview.config.WebSocketHandler.transferMessage(WebSocketHandler.java:89) ~[classes/:na]
	at com.mika.chatroomreview.config.WebSocketHandler.handleTextMessage(WebSocketHandler.java:65) ~[classes/:na]
	at org.springframework.web.socket.handler.AbstractWebSocketHandler.handleMessage(AbstractWebSocketHandler.java:43) ~[spring-websocket-5.3.30.jar:5.3.30]
	at org.springframework.web.socket.handler.WebSocketHandlerDecorator.handleMessage(WebSocketHandlerDecorator.java:75) ~[spring-websocket-5.3.30.jar:5.3.30]
	at org.springframework.web.socket.handler.LoggingWebSocketHandlerDecorator.handleMessage(LoggingWebSocketHandlerDecorator.java:56) ~[spring-websocket-5.3.30.jar:5.3.30]
	at org.springframework.web.socket.handler.ExceptionWebSocketHandlerDecorator.handleMessage(ExceptionWebSocketHandlerDecorator.java:58) ~[spring-websocket-5.3.30.jar:5.3.30]
	at org.springframework.web.socket.adapter.standard.StandardWebSocketHandlerAdapter.handleTextMessage(StandardWebSocketHandlerAdapter.java:114) [spring-websocket-5.3.30.jar:5.3.30]
	at org.springframework.web.socket.adapter.standard.StandardWebSocketHandlerAdapter.access$000(StandardWebSocketHandlerAdapter.java:43) [spring-websocket-5.3.30.jar:5.3.30]
	at org.springframework.web.socket.adapter.standard.StandardWebSocketHandlerAdapter$3.onMessage(StandardWebSocketHandlerAdapter.java:85) [spring-websocket-5.3.30.jar:5.3.30]
	at org.springframework.web.socket.adapter.standard.StandardWebSocketHandlerAdapter$3.onMessage(StandardWebSocketHandlerAdapter.java:82) [spring-websocket-5.3.30.jar:5.3.30]
	at org.apache.tomcat.websocket.WsFrameBase.sendMessageText(WsFrameBase.java:390) [tomcat-embed-websocket-9.0.82.jar:9.0.82]
	at org.apache.tomcat.websocket.server.WsFrameServer.sendMessageText(WsFrameServer.java:130) [tomcat-embed-websocket-9.0.82.jar:9.0.82]
	at org.apache.tomcat.websocket.WsFrameBase.processDataText(WsFrameBase.java:484) [tomcat-embed-websocket-9.0.82.jar:9.0.82]
	at org.apache.tomcat.websocket.WsFrameBase.processData(WsFrameBase.java:284) [tomcat-embed-websocket-9.0.82.jar:9.0.82]
	at org.apache.tomcat.websocket.WsFrameBase.processInputBuffer(WsFrameBase.java:130) [tomcat-embed-websocket-9.0.82.jar:9.0.82]
	at org.apache.tomcat.websocket.server.WsFrameServer.onDataAvailable(WsFrameServer.java:85) [tomcat-embed-websocket-9.0.82.jar:9.0.82]
	at org.apache.tomcat.websocket.server.WsFrameServer.doOnDataAvailable(WsFrameServer.java:184) [tomcat-embed-websocket-9.0.82.jar:9.0.82]
	at org.apache.tomcat.websocket.server.WsFrameServer.notifyDataAvailable(WsFrameServer.java:164) [tomcat-embed-websocket-9.0.82.jar:9.0.82]
	at org.apache.tomcat.websocket.server.WsHttpUpgradeHandler.upgradeDispatch(WsHttpUpgradeHandler.java:152) [tomcat-embed-websocket-9.0.82.jar:9.0.82]
	at org.apache.coyote.http11.upgrade.UpgradeProcessorInternal.dispatch(UpgradeProcessorInternal.java:60) [tomcat-embed-core-9.0.82.jar:9.0.82]
	at org.apache.coyote.AbstractProcessorLight.process(AbstractProcessorLight.java:57) [tomcat-embed-core-9.0.82.jar:9.0.82]
	at org.apache.coyote.AbstractProtocol$ConnectionHandler.process(AbstractProtocol.java:928) [tomcat-embed-core-9.0.82.jar:9.0.82]
	at org.apache.tomcat.util.net.NioEndpoint$SocketProcessor.doRun(NioEndpoint.java:1794) [tomcat-embed-core-9.0.82.jar:9.0.82]
	at org.apache.tomcat.util.net.SocketProcessorBase.run(SocketProcessorBase.java:52) [tomcat-embed-core-9.0.82.jar:9.0.82]
	at org.apache.tomcat.util.threads.ThreadPoolExecutor.runWorker(ThreadPoolExecutor.java:1191) [tomcat-embed-core-9.0.82.jar:9.0.82]
	at org.apache.tomcat.util.threads.ThreadPoolExecutor$Worker.run(ThreadPoolExecutor.java:659) [tomcat-embed-core-9.0.82.jar:9.0.82]
	at org.apache.tomcat.util.threads.TaskThread$WrappingRunnable.run(TaskThread.java:61) [tomcat-embed-core-9.0.82.jar:9.0.82]
	at java.lang.Thread.run(Thread.java:748) [na:1.8.0_192]
Caused by: org.apache.ibatis.reflection.ReflectionException: There is no getter for property named '#{fromId' in 'class com.mika.chatroomreview.model.Message'
	at org.apache.ibatis.reflection.Reflector.getGetInvoker(Reflector.java:387) ~[mybatis-3.5.13.jar:3.5.13]
	at org.apache.ibatis.reflection.MetaClass.getGetInvoker(MetaClass.java:162) ~[mybatis-3.5.13.jar:3.5.13]
	at org.apache.ibatis.reflection.wrapper.BeanWrapper.getBeanProperty(BeanWrapper.java:159) ~[mybatis-3.5.13.jar:3.5.13]
	at org.apache.ibatis.reflection.wrapper.BeanWrapper.get(BeanWrapper.java:49) ~[mybatis-3.5.13.jar:3.5.13]
	at org.apache.ibatis.reflection.MetaObject.getValue(MetaObject.java:116) ~[mybatis-3.5.13.jar:3.5.13]
	at org.apache.ibatis.scripting.defaults.DefaultParameterHandler.setParameters(DefaultParameterHandler.java:79) ~[mybatis-3.5.13.jar:3.5.13]
	at org.apache.ibatis.executor.statement.PreparedStatementHandler.parameterize(PreparedStatementHandler.java:97) ~[mybatis-3.5.13.jar:3.5.13]
	at org.apache.ibatis.executor.statement.RoutingStatementHandler.parameterize(RoutingStatementHandler.java:65) ~[mybatis-3.5.13.jar:3.5.13]
	at org.apache.ibatis.executor.SimpleExecutor.prepareStatement(SimpleExecutor.java:91) ~[mybatis-3.5.13.jar:3.5.13]
	at org.apache.ibatis.executor.SimpleExecutor.doUpdate(SimpleExecutor.java:49) ~[mybatis-3.5.13.jar:3.5.13]
	at org.apache.ibatis.executor.BaseExecutor.update(BaseExecutor.java:117) ~[mybatis-3.5.13.jar:3.5.13]
	at org.apache.ibatis.executor.CachingExecutor.update(CachingExecutor.java:76) ~[mybatis-3.5.13.jar:3.5.13]
	at org.apache.ibatis.session.defaults.DefaultSqlSession.update(DefaultSqlSession.java:197) ~[mybatis-3.5.13.jar:3.5.13]
	at org.apache.ibatis.session.defaults.DefaultSqlSession.insert(DefaultSqlSession.java:184) ~[mybatis-3.5.13.jar:3.5.13]
	at sun.reflect.NativeMethodAccessorImpl.invoke0(Native Method) ~[na:1.8.0_192]
	at sun.reflect.NativeMethodAccessorImpl.invoke(NativeMethodAccessorImpl.java:62) ~[na:1.8.0_192]
	at sun.reflect.DelegatingMethodAccessorImpl.invoke(DelegatingMethodAccessorImpl.java:43) ~[na:1.8.0_192]
	at java.lang.reflect.Method.invoke(Method.java:498) ~[na:1.8.0_192]
	at org.mybatis.spring.SqlSessionTemplate$SqlSessionInterceptor.invoke(SqlSessionTemplate.java:425) ~[mybatis-spring-2.1.1.jar:2.1.1]
	... 35 common frames omitted

2024-03-28 20:42:46.444  INFO 24388 --- [http-nio-8080-exec-9] c.m.c.component.OnlineUserManager        : [1] 用户下线！
2024-03-28 20:45:51.757  INFO 24388 --- [http-nio-8080-exec-8] c.m.c.component.OnlineUserManager        : [4] 用户下线！
2024-03-28 21:07:40.537  WARN 24388 --- [HikariPool-1 housekeeper] com.zaxxer.hikari.pool.HikariPool        : HikariPool-1 - Thread starvation or clock leap detected (housekeeper delta=20m34s779ms965µs200ns).
2024-03-28 21:14:01.436  WARN 24388 --- [http-nio-8080-exec-2] .w.s.m.s.DefaultHandlerExceptionResolver : Resolved [org.springframework.web.method.annotation.MethodArgumentTypeMismatchException: Failed to convert value of type 'java.lang.String' to required type 'java.lang.Integer'; nested exception is java.lang.NumberFormatException: For input string: "null"]
2024-03-28 21:14:06.666  WARN 24388 --- [http-nio-8080-exec-1] .w.s.m.s.DefaultHandlerExceptionResolver : Resolved [org.springframework.web.method.annotation.MethodArgumentTypeMismatchException: Failed to convert value of type 'java.lang.String' to required type 'java.lang.Integer'; nested exception is java.lang.NumberFormatException: For input string: "null"]
2024-03-28 21:14:10.236  WARN 24388 --- [http-nio-8080-exec-9] .w.s.m.s.DefaultHandlerExceptionResolver : Resolved [org.springframework.web.method.annotation.MethodArgumentTypeMismatchException: Failed to convert value of type 'java.lang.String' to required type 'java.lang.Integer'; nested exception is java.lang.NumberFormatException: For input string: "null"]
2024-03-28 21:15:16.248  INFO 24388 --- [http-nio-8080-exec-10] c.m.c.component.OnlineUserManager        : 用户3上线
2024-03-28 21:16:17.041  INFO 24388 --- [http-nio-8080-exec-6] c.m.c.component.OnlineUserManager        : 用户1上线
2024-03-28 21:16:24.908  INFO 24388 --- [http-nio-8080-exec-1] c.m.c.component.OnlineUserManager        : [3] 用户下线！
2024-03-28 21:16:24.933  INFO 24388 --- [http-nio-8080-exec-7] c.m.c.component.OnlineUserManager        : 用户3上线
2024-03-28 21:16:48.138  INFO 24388 --- [http-nio-8080-exec-7] c.m.c.component.OnlineUserManager        : [1] 用户下线！
2024-03-28 21:16:48.155  INFO 24388 --- [http-nio-8080-exec-10] c.m.c.component.OnlineUserManager        : 用户1上线
2024-03-28 21:17:06.879  INFO 24388 --- [http-nio-8080-exec-2] c.m.c.config.WebSocketHandler            : WebSocketHandler 收到消息！TextMessage payload=[{"type":"m..], byteCount=62, last=true]
2024-03-28 21:17:06.892 ERROR 24388 --- [http-nio-8080-exec-2] w.s.h.ExceptionWebSocketHandlerDecorator : Closing session due to exception for StandardWebSocketSession[id=7e9462fc-a604-44f5-4612-6aa330339db9, uri=ws://127.0.0.1:8080/WebSocketMessage]

org.mybatis.spring.MyBatisSystemException: nested exception is org.apache.ibatis.reflection.ReflectionException: There is no getter for property named '#{fromId' in 'class com.mika.chatroomreview.model.Message'
	at org.mybatis.spring.MyBatisExceptionTranslator.translateExceptionIfPossible(MyBatisExceptionTranslator.java:97) ~[mybatis-spring-2.1.1.jar:2.1.1]
	at org.mybatis.spring.SqlSessionTemplate$SqlSessionInterceptor.invoke(SqlSessionTemplate.java:439) ~[mybatis-spring-2.1.1.jar:2.1.1]
	at com.sun.proxy.$Proxy56.insert(Unknown Source) ~[na:na]
	at org.mybatis.spring.SqlSessionTemplate.insert(SqlSessionTemplate.java:272) ~[mybatis-spring-2.1.1.jar:2.1.1]
	at org.apache.ibatis.binding.MapperMethod.execute(MapperMethod.java:62) ~[mybatis-3.5.13.jar:3.5.13]
	at org.apache.ibatis.binding.MapperProxy$PlainMethodInvoker.invoke(MapperProxy.java:142) ~[mybatis-3.5.13.jar:3.5.13]
	at org.apache.ibatis.binding.MapperProxy.invoke(MapperProxy.java:86) ~[mybatis-3.5.13.jar:3.5.13]
	at com.sun.proxy.$Proxy61.addMessage(Unknown Source) ~[na:na]
	at com.mika.chatroomreview.service.MessageService.addMessage(MessageService.java:20) ~[classes/:na]
	at com.mika.chatroomreview.config.WebSocketHandler.transferMessage(WebSocketHandler.java:89) ~[classes/:na]
	at com.mika.chatroomreview.config.WebSocketHandler.handleTextMessage(WebSocketHandler.java:65) ~[classes/:na]
	at org.springframework.web.socket.handler.AbstractWebSocketHandler.handleMessage(AbstractWebSocketHandler.java:43) ~[spring-websocket-5.3.30.jar:5.3.30]
	at org.springframework.web.socket.handler.WebSocketHandlerDecorator.handleMessage(WebSocketHandlerDecorator.java:75) ~[spring-websocket-5.3.30.jar:5.3.30]
	at org.springframework.web.socket.handler.LoggingWebSocketHandlerDecorator.handleMessage(LoggingWebSocketHandlerDecorator.java:56) ~[spring-websocket-5.3.30.jar:5.3.30]
	at org.springframework.web.socket.handler.ExceptionWebSocketHandlerDecorator.handleMessage(ExceptionWebSocketHandlerDecorator.java:58) ~[spring-websocket-5.3.30.jar:5.3.30]
	at org.springframework.web.socket.adapter.standard.StandardWebSocketHandlerAdapter.handleTextMessage(StandardWebSocketHandlerAdapter.java:114) [spring-websocket-5.3.30.jar:5.3.30]
	at org.springframework.web.socket.adapter.standard.StandardWebSocketHandlerAdapter.access$000(StandardWebSocketHandlerAdapter.java:43) [spring-websocket-5.3.30.jar:5.3.30]
	at org.springframework.web.socket.adapter.standard.StandardWebSocketHandlerAdapter$3.onMessage(StandardWebSocketHandlerAdapter.java:85) [spring-websocket-5.3.30.jar:5.3.30]
	at org.springframework.web.socket.adapter.standard.StandardWebSocketHandlerAdapter$3.onMessage(StandardWebSocketHandlerAdapter.java:82) [spring-websocket-5.3.30.jar:5.3.30]
	at org.apache.tomcat.websocket.WsFrameBase.sendMessageText(WsFrameBase.java:390) [tomcat-embed-websocket-9.0.82.jar:9.0.82]
	at org.apache.tomcat.websocket.server.WsFrameServer.sendMessageText(WsFrameServer.java:130) [tomcat-embed-websocket-9.0.82.jar:9.0.82]
	at org.apache.tomcat.websocket.WsFrameBase.processDataText(WsFrameBase.java:484) [tomcat-embed-websocket-9.0.82.jar:9.0.82]
	at org.apache.tomcat.websocket.WsFrameBase.processData(WsFrameBase.java:284) [tomcat-embed-websocket-9.0.82.jar:9.0.82]
	at org.apache.tomcat.websocket.WsFrameBase.processInputBuffer(WsFrameBase.java:130) [tomcat-embed-websocket-9.0.82.jar:9.0.82]
	at org.apache.tomcat.websocket.server.WsFrameServer.onDataAvailable(WsFrameServer.java:85) [tomcat-embed-websocket-9.0.82.jar:9.0.82]
	at org.apache.tomcat.websocket.server.WsFrameServer.doOnDataAvailable(WsFrameServer.java:184) [tomcat-embed-websocket-9.0.82.jar:9.0.82]
	at org.apache.tomcat.websocket.server.WsFrameServer.notifyDataAvailable(WsFrameServer.java:164) [tomcat-embed-websocket-9.0.82.jar:9.0.82]
	at org.apache.tomcat.websocket.server.WsHttpUpgradeHandler.upgradeDispatch(WsHttpUpgradeHandler.java:152) [tomcat-embed-websocket-9.0.82.jar:9.0.82]
	at org.apache.coyote.http11.upgrade.UpgradeProcessorInternal.dispatch(UpgradeProcessorInternal.java:60) [tomcat-embed-core-9.0.82.jar:9.0.82]
	at org.apache.coyote.AbstractProcessorLight.process(AbstractProcessorLight.java:57) [tomcat-embed-core-9.0.82.jar:9.0.82]
	at org.apache.coyote.AbstractProtocol$ConnectionHandler.process(AbstractProtocol.java:928) [tomcat-embed-core-9.0.82.jar:9.0.82]
	at org.apache.tomcat.util.net.NioEndpoint$SocketProcessor.doRun(NioEndpoint.java:1794) [tomcat-embed-core-9.0.82.jar:9.0.82]
	at org.apache.tomcat.util.net.SocketProcessorBase.run(SocketProcessorBase.java:52) [tomcat-embed-core-9.0.82.jar:9.0.82]
	at org.apache.tomcat.util.threads.ThreadPoolExecutor.runWorker(ThreadPoolExecutor.java:1191) [tomcat-embed-core-9.0.82.jar:9.0.82]
	at org.apache.tomcat.util.threads.ThreadPoolExecutor$Worker.run(ThreadPoolExecutor.java:659) [tomcat-embed-core-9.0.82.jar:9.0.82]
	at org.apache.tomcat.util.threads.TaskThread$WrappingRunnable.run(TaskThread.java:61) [tomcat-embed-core-9.0.82.jar:9.0.82]
	at java.lang.Thread.run(Thread.java:748) [na:1.8.0_192]
Caused by: org.apache.ibatis.reflection.ReflectionException: There is no getter for property named '#{fromId' in 'class com.mika.chatroomreview.model.Message'
	at org.apache.ibatis.reflection.Reflector.getGetInvoker(Reflector.java:387) ~[mybatis-3.5.13.jar:3.5.13]
	at org.apache.ibatis.reflection.MetaClass.getGetInvoker(MetaClass.java:162) ~[mybatis-3.5.13.jar:3.5.13]
	at org.apache.ibatis.reflection.wrapper.BeanWrapper.getBeanProperty(BeanWrapper.java:159) ~[mybatis-3.5.13.jar:3.5.13]
	at org.apache.ibatis.reflection.wrapper.BeanWrapper.get(BeanWrapper.java:49) ~[mybatis-3.5.13.jar:3.5.13]
	at org.apache.ibatis.reflection.MetaObject.getValue(MetaObject.java:116) ~[mybatis-3.5.13.jar:3.5.13]
	at org.apache.ibatis.scripting.defaults.DefaultParameterHandler.setParameters(DefaultParameterHandler.java:79) ~[mybatis-3.5.13.jar:3.5.13]
	at org.apache.ibatis.executor.statement.PreparedStatementHandler.parameterize(PreparedStatementHandler.java:97) ~[mybatis-3.5.13.jar:3.5.13]
	at org.apache.ibatis.executor.statement.RoutingStatementHandler.parameterize(RoutingStatementHandler.java:65) ~[mybatis-3.5.13.jar:3.5.13]
	at org.apache.ibatis.executor.SimpleExecutor.prepareStatement(SimpleExecutor.java:91) ~[mybatis-3.5.13.jar:3.5.13]
	at org.apache.ibatis.executor.SimpleExecutor.doUpdate(SimpleExecutor.java:49) ~[mybatis-3.5.13.jar:3.5.13]
	at org.apache.ibatis.executor.BaseExecutor.update(BaseExecutor.java:117) ~[mybatis-3.5.13.jar:3.5.13]
	at org.apache.ibatis.executor.CachingExecutor.update(CachingExecutor.java:76) ~[mybatis-3.5.13.jar:3.5.13]
	at org.apache.ibatis.session.defaults.DefaultSqlSession.update(DefaultSqlSession.java:197) ~[mybatis-3.5.13.jar:3.5.13]
	at org.apache.ibatis.session.defaults.DefaultSqlSession.insert(DefaultSqlSession.java:184) ~[mybatis-3.5.13.jar:3.5.13]
	at sun.reflect.NativeMethodAccessorImpl.invoke0(Native Method) ~[na:1.8.0_192]
	at sun.reflect.NativeMethodAccessorImpl.invoke(NativeMethodAccessorImpl.java:62) ~[na:1.8.0_192]
	at sun.reflect.DelegatingMethodAccessorImpl.invoke(DelegatingMethodAccessorImpl.java:43) ~[na:1.8.0_192]
	at java.lang.reflect.Method.invoke(Method.java:498) ~[na:1.8.0_192]
	at org.mybatis.spring.SqlSessionTemplate$SqlSessionInterceptor.invoke(SqlSessionTemplate.java:425) ~[mybatis-spring-2.1.1.jar:2.1.1]
	... 35 common frames omitted

2024-03-28 21:17:06.894  INFO 24388 --- [http-nio-8080-exec-2] c.m.c.component.OnlineUserManager        : [1] 用户下线！
2024-03-28 21:17:12.161  INFO 24388 --- [http-nio-8080-exec-1] c.m.c.component.OnlineUserManager        : [3] 用户下线！
2024-03-28 21:17:54.701  INFO 24388 --- [http-nio-8080-exec-3] c.m.c.component.OnlineUserManager        : 用户1上线
2024-03-28 21:18:00.436  INFO 24388 --- [http-nio-8080-exec-6] c.m.c.component.OnlineUserManager        : [1] 用户下线！
2024-03-28 21:32:40.393  INFO 24388 --- [SpringApplicationShutdownHook] com.zaxxer.hikari.HikariDataSource       : HikariPool-1 - Shutdown initiated...
2024-03-28 21:32:40.397  INFO 24388 --- [SpringApplicationShutdownHook] com.zaxxer.hikari.HikariDataSource       : HikariPool-1 - Shutdown completed.
2024-03-28 21:46:04.678  INFO 22976 --- [main] c.m.c.ChatroomreviewApplication          : Starting ChatroomreviewApplication using Java 1.8.0_192 on ib with PID 22976 (C:\Code\Java\chatroomreview1\target\classes started by 86135 in C:\Code\Java\chatroomreview1)
2024-03-28 21:46:04.681  INFO 22976 --- [main] c.m.c.ChatroomreviewApplication          : No active profile set, falling back to 1 default profile: "default"
2024-03-28 21:46:05.757  INFO 22976 --- [main] o.s.b.w.embedded.tomcat.TomcatWebServer  : Tomcat initialized with port(s): 8080 (http)
2024-03-28 21:46:05.765  INFO 22976 --- [main] o.apache.catalina.core.StandardService   : Starting service [Tomcat]
2024-03-28 21:46:05.766  INFO 22976 --- [main] org.apache.catalina.core.StandardEngine  : Starting Servlet engine: [Apache Tomcat/9.0.82]
2024-03-28 21:46:05.906  INFO 22976 --- [main] o.a.c.c.C.[Tomcat].[localhost].[/]       : Initializing Spring embedded WebApplicationContext
2024-03-28 21:46:05.906  INFO 22976 --- [main] w.s.c.ServletWebServerApplicationContext : Root WebApplicationContext: initialization completed in 1190 ms
2024-03-28 21:46:06.628  INFO 22976 --- [main] o.s.b.w.embedded.tomcat.TomcatWebServer  : Tomcat started on port(s): 8080 (http) with context path ''
2024-03-28 21:46:06.641  INFO 22976 --- [main] c.m.c.ChatroomreviewApplication          : Started ChatroomreviewApplication in 2.303 seconds (JVM running for 2.632)
2024-03-28 21:46:25.593  INFO 22976 --- [http-nio-8080-exec-1] o.a.c.c.C.[Tomcat].[localhost].[/]       : Initializing Spring DispatcherServlet 'dispatcherServlet'
2024-03-28 21:46:25.594  INFO 22976 --- [http-nio-8080-exec-1] o.s.web.servlet.DispatcherServlet        : Initializing Servlet 'dispatcherServlet'
2024-03-28 21:46:25.598  INFO 22976 --- [http-nio-8080-exec-1] o.s.web.servlet.DispatcherServlet        : Completed initialization in 4 ms
2024-03-28 21:46:33.116  INFO 22976 --- [http-nio-8080-exec-5] com.zaxxer.hikari.HikariDataSource       : HikariPool-1 - Starting...
2024-03-28 21:46:33.391  INFO 22976 --- [http-nio-8080-exec-5] com.zaxxer.hikari.HikariDataSource       : HikariPool-1 - Start completed.
2024-03-28 21:46:33.715  INFO 22976 --- [http-nio-8080-exec-10] c.m.c.component.OnlineUserManager        : 用户1上线
2024-03-28 21:47:51.500  INFO 22976 --- [SpringApplicationShutdownHook] c.m.c.component.OnlineUserManager        : [1] 用户下线！
2024-03-28 21:47:51.505  INFO 22976 --- [SpringApplicationShutdownHook] com.zaxxer.hikari.HikariDataSource       : HikariPool-1 - Shutdown initiated...
2024-03-28 21:47:51.513  INFO 22976 --- [SpringApplicationShutdownHook] com.zaxxer.hikari.HikariDataSource       : HikariPool-1 - Shutdown completed.
2024-03-28 21:47:54.484  INFO 7568 --- [main] c.m.c.ChatroomreviewApplication          : Starting ChatroomreviewApplication using Java 1.8.0_192 on ib with PID 7568 (C:\Code\Java\chatroomreview1\target\classes started by 86135 in C:\Code\Java\chatroomreview1)
2024-03-28 21:47:54.486  INFO 7568 --- [main] c.m.c.ChatroomreviewApplication          : No active profile set, falling back to 1 default profile: "default"
2024-03-28 21:47:55.439  INFO 7568 --- [main] o.s.b.w.embedded.tomcat.TomcatWebServer  : Tomcat initialized with port(s): 8080 (http)
2024-03-28 21:47:55.447  INFO 7568 --- [main] o.apache.catalina.core.StandardService   : Starting service [Tomcat]
2024-03-28 21:47:55.447  INFO 7568 --- [main] org.apache.catalina.core.StandardEngine  : Starting Servlet engine: [Apache Tomcat/9.0.82]
2024-03-28 21:47:55.578  INFO 7568 --- [main] o.a.c.c.C.[Tomcat].[localhost].[/]       : Initializing Spring embedded WebApplicationContext
2024-03-28 21:47:55.578  INFO 7568 --- [main] w.s.c.ServletWebServerApplicationContext : Root WebApplicationContext: initialization completed in 1060 ms
2024-03-28 21:47:56.286  INFO 7568 --- [main] o.s.b.w.embedded.tomcat.TomcatWebServer  : Tomcat started on port(s): 8080 (http) with context path ''
2024-03-28 21:47:56.301  INFO 7568 --- [main] c.m.c.ChatroomreviewApplication          : Started ChatroomreviewApplication in 2.134 seconds (JVM running for 2.459)
2024-03-28 21:48:08.898  INFO 7568 --- [http-nio-8080-exec-1] o.a.c.c.C.[Tomcat].[localhost].[/]       : Initializing Spring DispatcherServlet 'dispatcherServlet'
2024-03-28 21:48:08.899  INFO 7568 --- [http-nio-8080-exec-1] o.s.web.servlet.DispatcherServlet        : Initializing Servlet 'dispatcherServlet'
2024-03-28 21:48:08.899  INFO 7568 --- [http-nio-8080-exec-1] o.s.web.servlet.DispatcherServlet        : Completed initialization in 0 ms
2024-03-28 21:48:21.718  INFO 7568 --- [http-nio-8080-exec-3] com.zaxxer.hikari.HikariDataSource       : HikariPool-1 - Starting...
2024-03-28 21:48:21.835  INFO 7568 --- [http-nio-8080-exec-3] com.zaxxer.hikari.HikariDataSource       : HikariPool-1 - Start completed.
2024-03-28 21:48:21.897  INFO 7568 --- [http-nio-8080-exec-9] c.m.c.component.OnlineUserManager        : 用户1上线
2024-03-28 21:49:15.163  INFO 7568 --- [http-nio-8080-exec-4] c.m.c.component.OnlineUserManager        : 用户2上线
2024-03-28 21:49:28.588  INFO 7568 --- [http-nio-8080-exec-9] c.m.c.config.WebSocketHandler            : WebSocketHandler 收到消息！TextMessage payload=[{"type":"m..], byteCount=62, last=true]
2024-03-28 21:49:28.700 ERROR 7568 --- [http-nio-8080-exec-9] w.s.h.ExceptionWebSocketHandlerDecorator : Closing session due to exception for StandardWebSocketSession[id=9d166254-de5a-970d-ec50-fb56fbb2aa55, uri=ws://127.0.0.1:8080/WebSocketMessage]

org.springframework.jdbc.BadSqlGrammarException: 
### Error updating database.  Cause: java.sql.SQLSyntaxErrorException: You have an error in your SQL syntax; check the manual that corresponds to your MySQL server version for the right syntax to use near '1,1,'老哥在不？')' at line 1
### The error may exist in com/mika/chatroomreview/mapper/MessageMapper.java (best guess)
### The error may involve com.mika.chatroomreview.mapper.MessageMapper.addMessage-Inline
### The error occurred while setting parameters
### SQL: insert into message(from_id,session_id,content) values({?,?,?)
### Cause: java.sql.SQLSyntaxErrorException: You have an error in your SQL syntax; check the manual that corresponds to your MySQL server version for the right syntax to use near '1,1,'老哥在不？')' at line 1
; bad SQL grammar []; nested exception is java.sql.SQLSyntaxErrorException: You have an error in your SQL syntax; check the manual that corresponds to your MySQL server version for the right syntax to use near '1,1,'老哥在不？')' at line 1
	at org.springframework.jdbc.support.SQLErrorCodeSQLExceptionTranslator.doTranslate(SQLErrorCodeSQLExceptionTranslator.java:236) ~[spring-jdbc-5.3.30.jar:5.3.30]
	at org.springframework.jdbc.support.AbstractFallbackSQLExceptionTranslator.translate(AbstractFallbackSQLExceptionTranslator.java:73) ~[spring-jdbc-5.3.30.jar:5.3.30]
	at org.mybatis.spring.MyBatisExceptionTranslator.translateExceptionIfPossible(MyBatisExceptionTranslator.java:92) ~[mybatis-spring-2.1.1.jar:2.1.1]
	at org.mybatis.spring.SqlSessionTemplate$SqlSessionInterceptor.invoke(SqlSessionTemplate.java:439) ~[mybatis-spring-2.1.1.jar:2.1.1]
	at com.sun.proxy.$Proxy56.insert(Unknown Source) ~[na:na]
	at org.mybatis.spring.SqlSessionTemplate.insert(SqlSessionTemplate.java:272) ~[mybatis-spring-2.1.1.jar:2.1.1]
	at org.apache.ibatis.binding.MapperMethod.execute(MapperMethod.java:62) ~[mybatis-3.5.13.jar:3.5.13]
	at org.apache.ibatis.binding.MapperProxy$PlainMethodInvoker.invoke(MapperProxy.java:142) ~[mybatis-3.5.13.jar:3.5.13]
	at org.apache.ibatis.binding.MapperProxy.invoke(MapperProxy.java:86) ~[mybatis-3.5.13.jar:3.5.13]
	at com.sun.proxy.$Proxy62.addMessage(Unknown Source) ~[na:na]
	at com.mika.chatroomreview.service.MessageService.addMessage(MessageService.java:20) ~[classes/:na]
	at com.mika.chatroomreview.config.WebSocketHandler.transferMessage(WebSocketHandler.java:89) ~[classes/:na]
	at com.mika.chatroomreview.config.WebSocketHandler.handleTextMessage(WebSocketHandler.java:65) ~[classes/:na]
	at org.springframework.web.socket.handler.AbstractWebSocketHandler.handleMessage(AbstractWebSocketHandler.java:43) ~[spring-websocket-5.3.30.jar:5.3.30]
	at org.springframework.web.socket.handler.WebSocketHandlerDecorator.handleMessage(WebSocketHandlerDecorator.java:75) ~[spring-websocket-5.3.30.jar:5.3.30]
	at org.springframework.web.socket.handler.LoggingWebSocketHandlerDecorator.handleMessage(LoggingWebSocketHandlerDecorator.java:56) ~[spring-websocket-5.3.30.jar:5.3.30]
	at org.springframework.web.socket.handler.ExceptionWebSocketHandlerDecorator.handleMessage(ExceptionWebSocketHandlerDecorator.java:58) ~[spring-websocket-5.3.30.jar:5.3.30]
	at org.springframework.web.socket.adapter.standard.StandardWebSocketHandlerAdapter.handleTextMessage(StandardWebSocketHandlerAdapter.java:114) [spring-websocket-5.3.30.jar:5.3.30]
	at org.springframework.web.socket.adapter.standard.StandardWebSocketHandlerAdapter.access$000(StandardWebSocketHandlerAdapter.java:43) [spring-websocket-5.3.30.jar:5.3.30]
	at org.springframework.web.socket.adapter.standard.StandardWebSocketHandlerAdapter$3.onMessage(StandardWebSocketHandlerAdapter.java:85) [spring-websocket-5.3.30.jar:5.3.30]
	at org.springframework.web.socket.adapter.standard.StandardWebSocketHandlerAdapter$3.onMessage(StandardWebSocketHandlerAdapter.java:82) [spring-websocket-5.3.30.jar:5.3.30]
	at org.apache.tomcat.websocket.WsFrameBase.sendMessageText(WsFrameBase.java:390) [tomcat-embed-websocket-9.0.82.jar:9.0.82]
	at org.apache.tomcat.websocket.server.WsFrameServer.sendMessageText(WsFrameServer.java:130) [tomcat-embed-websocket-9.0.82.jar:9.0.82]
	at org.apache.tomcat.websocket.WsFrameBase.processDataText(WsFrameBase.java:484) [tomcat-embed-websocket-9.0.82.jar:9.0.82]
	at org.apache.tomcat.websocket.WsFrameBase.processData(WsFrameBase.java:284) [tomcat-embed-websocket-9.0.82.jar:9.0.82]
	at org.apache.tomcat.websocket.WsFrameBase.processInputBuffer(WsFrameBase.java:130) [tomcat-embed-websocket-9.0.82.jar:9.0.82]
	at org.apache.tomcat.websocket.server.WsFrameServer.onDataAvailable(WsFrameServer.java:85) [tomcat-embed-websocket-9.0.82.jar:9.0.82]
	at org.apache.tomcat.websocket.server.WsFrameServer.doOnDataAvailable(WsFrameServer.java:184) [tomcat-embed-websocket-9.0.82.jar:9.0.82]
	at org.apache.tomcat.websocket.server.WsFrameServer.notifyDataAvailable(WsFrameServer.java:164) [tomcat-embed-websocket-9.0.82.jar:9.0.82]
	at org.apache.tomcat.websocket.server.WsHttpUpgradeHandler.upgradeDispatch(WsHttpUpgradeHandler.java:152) [tomcat-embed-websocket-9.0.82.jar:9.0.82]
	at org.apache.coyote.http11.upgrade.UpgradeProcessorInternal.dispatch(UpgradeProcessorInternal.java:60) [tomcat-embed-core-9.0.82.jar:9.0.82]
	at org.apache.coyote.AbstractProcessorLight.process(AbstractProcessorLight.java:57) [tomcat-embed-core-9.0.82.jar:9.0.82]
	at org.apache.coyote.AbstractProtocol$ConnectionHandler.process(AbstractProtocol.java:928) [tomcat-embed-core-9.0.82.jar:9.0.82]
	at org.apache.tomcat.util.net.NioEndpoint$SocketProcessor.doRun(NioEndpoint.java:1794) [tomcat-embed-core-9.0.82.jar:9.0.82]
	at org.apache.tomcat.util.net.SocketProcessorBase.run(SocketProcessorBase.java:52) [tomcat-embed-core-9.0.82.jar:9.0.82]
	at org.apache.tomcat.util.threads.ThreadPoolExecutor.runWorker(ThreadPoolExecutor.java:1191) [tomcat-embed-core-9.0.82.jar:9.0.82]
	at org.apache.tomcat.util.threads.ThreadPoolExecutor$Worker.run(ThreadPoolExecutor.java:659) [tomcat-embed-core-9.0.82.jar:9.0.82]
	at org.apache.tomcat.util.threads.TaskThread$WrappingRunnable.run(TaskThread.java:61) [tomcat-embed-core-9.0.82.jar:9.0.82]
	at java.lang.Thread.run(Thread.java:748) [na:1.8.0_192]
Caused by: java.sql.SQLSyntaxErrorException: You have an error in your SQL syntax; check the manual that corresponds to your MySQL server version for the right syntax to use near '1,1,'老哥在不？')' at line 1
	at com.mysql.cj.jdbc.exceptions.SQLError.createSQLException(SQLError.java:121) ~[mysql-connector-j-8.0.33.jar:8.0.33]
	at com.mysql.cj.jdbc.exceptions.SQLExceptionsMapping.translateException(SQLExceptionsMapping.java:122) ~[mysql-connector-j-8.0.33.jar:8.0.33]
	at com.mysql.cj.jdbc.ClientPreparedStatement.executeInternal(ClientPreparedStatement.java:916) ~[mysql-connector-j-8.0.33.jar:8.0.33]
	at com.mysql.cj.jdbc.ClientPreparedStatement.execute(ClientPreparedStatement.java:354) ~[mysql-connector-j-8.0.33.jar:8.0.33]
	at com.zaxxer.hikari.pool.ProxyPreparedStatement.execute(ProxyPreparedStatement.java:44) ~[HikariCP-4.0.3.jar:na]
	at com.zaxxer.hikari.pool.HikariProxyPreparedStatement.execute(HikariProxyPreparedStatement.java) ~[HikariCP-4.0.3.jar:na]
	at sun.reflect.NativeMethodAccessorImpl.invoke0(Native Method) ~[na:1.8.0_192]
	at sun.reflect.NativeMethodAccessorImpl.invoke(NativeMethodAccessorImpl.java:62) ~[na:1.8.0_192]
	at sun.reflect.DelegatingMethodAccessorImpl.invoke(DelegatingMethodAccessorImpl.java:43) ~[na:1.8.0_192]
	at java.lang.reflect.Method.invoke(Method.java:498) ~[na:1.8.0_192]
	at org.apache.ibatis.logging.jdbc.PreparedStatementLogger.invoke(PreparedStatementLogger.java:58) ~[mybatis-3.5.13.jar:3.5.13]
	at com.sun.proxy.$Proxy75.execute(Unknown Source) ~[na:na]
	at org.apache.ibatis.executor.statement.PreparedStatementHandler.update(PreparedStatementHandler.java:48) ~[mybatis-3.5.13.jar:3.5.13]
	at org.apache.ibatis.executor.statement.RoutingStatementHandler.update(RoutingStatementHandler.java:75) ~[mybatis-3.5.13.jar:3.5.13]
	at org.apache.ibatis.executor.SimpleExecutor.doUpdate(SimpleExecutor.java:50) ~[mybatis-3.5.13.jar:3.5.13]
	at org.apache.ibatis.executor.BaseExecutor.update(BaseExecutor.java:117) ~[mybatis-3.5.13.jar:3.5.13]
	at org.apache.ibatis.executor.CachingExecutor.update(CachingExecutor.java:76) ~[mybatis-3.5.13.jar:3.5.13]
	at org.apache.ibatis.session.defaults.DefaultSqlSession.update(DefaultSqlSession.java:197) ~[mybatis-3.5.13.jar:3.5.13]
	at org.apache.ibatis.session.defaults.DefaultSqlSession.insert(DefaultSqlSession.java:184) ~[mybatis-3.5.13.jar:3.5.13]
	at sun.reflect.NativeMethodAccessorImpl.invoke0(Native Method) ~[na:1.8.0_192]
	at sun.reflect.NativeMethodAccessorImpl.invoke(NativeMethodAccessorImpl.java:62) ~[na:1.8.0_192]
	at sun.reflect.DelegatingMethodAccessorImpl.invoke(DelegatingMethodAccessorImpl.java:43) ~[na:1.8.0_192]
	at java.lang.reflect.Method.invoke(Method.java:498) ~[na:1.8.0_192]
	at org.mybatis.spring.SqlSessionTemplate$SqlSessionInterceptor.invoke(SqlSessionTemplate.java:425) ~[mybatis-spring-2.1.1.jar:2.1.1]
	... 35 common frames omitted

2024-03-28 21:49:28.701  INFO 7568 --- [http-nio-8080-exec-9] c.m.c.component.OnlineUserManager        : [1] 用户下线！
2024-03-28 21:49:51.514  INFO 7568 --- [http-nio-8080-exec-10] c.m.c.component.OnlineUserManager        : [2] 用户下线！
2024-03-28 21:49:51.522  INFO 7568 --- [http-nio-8080-exec-6] c.m.c.component.OnlineUserManager        : 用户2上线
2024-03-28 21:52:06.421  INFO 7568 --- [SpringApplicationShutdownHook] c.m.c.component.OnlineUserManager        : [2] 用户下线！
2024-03-28 21:52:06.426  INFO 7568 --- [SpringApplicationShutdownHook] com.zaxxer.hikari.HikariDataSource       : HikariPool-1 - Shutdown initiated...
2024-03-28 21:52:06.434  INFO 7568 --- [SpringApplicationShutdownHook] com.zaxxer.hikari.HikariDataSource       : HikariPool-1 - Shutdown completed.
2024-03-28 21:52:10.001  INFO 23032 --- [main] c.m.c.ChatroomreviewApplication          : Starting ChatroomreviewApplication using Java 1.8.0_192 on ib with PID 23032 (C:\Code\Java\chatroomreview1\target\classes started by 86135 in C:\Code\Java\chatroomreview1)
2024-03-28 21:52:10.004  INFO 23032 --- [main] c.m.c.ChatroomreviewApplication          : No active profile set, falling back to 1 default profile: "default"
2024-03-28 21:52:10.978  INFO 23032 --- [main] o.s.b.w.embedded.tomcat.TomcatWebServer  : Tomcat initialized with port(s): 8080 (http)
2024-03-28 21:52:10.986  INFO 23032 --- [main] o.apache.catalina.core.StandardService   : Starting service [Tomcat]
2024-03-28 21:52:10.986  INFO 23032 --- [main] org.apache.catalina.core.StandardEngine  : Starting Servlet engine: [Apache Tomcat/9.0.82]
2024-03-28 21:52:11.122  INFO 23032 --- [main] o.a.c.c.C.[Tomcat].[localhost].[/]       : Initializing Spring embedded WebApplicationContext
2024-03-28 21:52:11.123  INFO 23032 --- [main] w.s.c.ServletWebServerApplicationContext : Root WebApplicationContext: initialization completed in 1085 ms
2024-03-28 21:52:11.781  INFO 23032 --- [main] o.s.b.w.embedded.tomcat.TomcatWebServer  : Tomcat started on port(s): 8080 (http) with context path ''
2024-03-28 21:52:11.796  INFO 23032 --- [main] c.m.c.ChatroomreviewApplication          : Started ChatroomreviewApplication in 2.136 seconds (JVM running for 2.477)
2024-03-28 21:52:16.298  INFO 23032 --- [http-nio-8080-exec-1] o.a.c.c.C.[Tomcat].[localhost].[/]       : Initializing Spring DispatcherServlet 'dispatcherServlet'
2024-03-28 21:52:16.298  INFO 23032 --- [http-nio-8080-exec-1] o.s.web.servlet.DispatcherServlet        : Initializing Servlet 'dispatcherServlet'
2024-03-28 21:52:16.299  INFO 23032 --- [http-nio-8080-exec-1] o.s.web.servlet.DispatcherServlet        : Completed initialization in 1 ms
2024-03-28 21:52:23.565  INFO 23032 --- [http-nio-8080-exec-8] com.zaxxer.hikari.HikariDataSource       : HikariPool-1 - Starting...
2024-03-28 21:52:23.667  INFO 23032 --- [http-nio-8080-exec-8] com.zaxxer.hikari.HikariDataSource       : HikariPool-1 - Start completed.
2024-03-28 21:52:23.730  INFO 23032 --- [http-nio-8080-exec-10] c.m.c.component.OnlineUserManager        : 用户1上线
2024-03-28 21:52:35.710  INFO 23032 --- [http-nio-8080-exec-5] c.m.c.component.OnlineUserManager        : 用户2上线
2024-03-28 21:52:52.109  INFO 23032 --- [http-nio-8080-exec-10] c.m.c.config.WebSocketHandler            : WebSocketHandler 收到消息！TextMessage payload=[{"type":"m..], byteCount=59, last=true]
2024-03-28 21:54:20.855  WARN 23032 --- [http-nio-8080-exec-2] .w.s.m.s.DefaultHandlerExceptionResolver : Resolved [org.springframework.web.method.annotation.MethodArgumentTypeMismatchException: Failed to convert value of type 'java.lang.String' to required type 'java.lang.Integer'; nested exception is java.lang.NumberFormatException: For input string: "null"]
2024-03-28 21:54:20.947 ERROR 23032 --- [http-nio-8080-exec-8] o.a.c.c.C.[.[.[/].[dispatcherServlet]    : Servlet.service() for servlet [dispatcherServlet] in context with path [] threw exception [Request processing failed; nested exception is org.springframework.jdbc.BadSqlGrammarException: 
### Error updating database.  Cause: java.sql.SQLSyntaxErrorException: Unknown column 'user_id' in 'field list'
### The error may exist in com/mika/chatroomreview/mapper/MessageSessionMapper.java (best guess)
### The error may involve com.mika.chatroomreview.mapper.MessageSessionMapper.addMessageSessionUser-Inline
### The error occurred while setting parameters
### SQL: insert into message_session(session_id, user_id) values(?, ?)
### Cause: java.sql.SQLSyntaxErrorException: Unknown column 'user_id' in 'field list'
; bad SQL grammar []; nested exception is java.sql.SQLSyntaxErrorException: Unknown column 'user_id' in 'field list'] with root cause

java.sql.SQLSyntaxErrorException: Unknown column 'user_id' in 'field list'
	at com.mysql.cj.jdbc.exceptions.SQLError.createSQLException(SQLError.java:121) ~[mysql-connector-j-8.0.33.jar:8.0.33]
	at com.mysql.cj.jdbc.exceptions.SQLExceptionsMapping.translateException(SQLExceptionsMapping.java:122) ~[mysql-connector-j-8.0.33.jar:8.0.33]
	at com.mysql.cj.jdbc.ClientPreparedStatement.executeInternal(ClientPreparedStatement.java:916) ~[mysql-connector-j-8.0.33.jar:8.0.33]
	at com.mysql.cj.jdbc.ClientPreparedStatement.execute(ClientPreparedStatement.java:354) ~[mysql-connector-j-8.0.33.jar:8.0.33]
	at com.zaxxer.hikari.pool.ProxyPreparedStatement.execute(ProxyPreparedStatement.java:44) ~[HikariCP-4.0.3.jar:na]
	at com.zaxxer.hikari.pool.HikariProxyPreparedStatement.execute(HikariProxyPreparedStatement.java) ~[HikariCP-4.0.3.jar:na]
	at sun.reflect.GeneratedMethodAccessor10.invoke(Unknown Source) ~[na:na]
	at sun.reflect.DelegatingMethodAccessorImpl.invoke(DelegatingMethodAccessorImpl.java:43) ~[na:1.8.0_192]
	at java.lang.reflect.Method.invoke(Method.java:498) ~[na:1.8.0_192]
	at org.apache.ibatis.logging.jdbc.PreparedStatementLogger.invoke(PreparedStatementLogger.java:58) ~[mybatis-3.5.13.jar:3.5.13]
	at com.sun.proxy.$Proxy75.execute(Unknown Source) ~[na:na]
	at org.apache.ibatis.executor.statement.PreparedStatementHandler.update(PreparedStatementHandler.java:48) ~[mybatis-3.5.13.jar:3.5.13]
	at org.apache.ibatis.executor.statement.RoutingStatementHandler.update(RoutingStatementHandler.java:75) ~[mybatis-3.5.13.jar:3.5.13]
	at org.apache.ibatis.executor.SimpleExecutor.doUpdate(SimpleExecutor.java:50) ~[mybatis-3.5.13.jar:3.5.13]
	at org.apache.ibatis.executor.BaseExecutor.update(BaseExecutor.java:117) ~[mybatis-3.5.13.jar:3.5.13]
	at org.apache.ibatis.executor.CachingExecutor.update(CachingExecutor.java:76) ~[mybatis-3.5.13.jar:3.5.13]
	at org.apache.ibatis.session.defaults.DefaultSqlSession.update(DefaultSqlSession.java:197) ~[mybatis-3.5.13.jar:3.5.13]
	at org.apache.ibatis.session.defaults.DefaultSqlSession.insert(DefaultSqlSession.java:184) ~[mybatis-3.5.13.jar:3.5.13]
	at sun.reflect.NativeMethodAccessorImpl.invoke0(Native Method) ~[na:1.8.0_192]
	at sun.reflect.NativeMethodAccessorImpl.invoke(NativeMethodAccessorImpl.java:62) ~[na:1.8.0_192]
	at sun.reflect.DelegatingMethodAccessorImpl.invoke(DelegatingMethodAccessorImpl.java:43) ~[na:1.8.0_192]
	at java.lang.reflect.Method.invoke(Method.java:498) ~[na:1.8.0_192]
	at org.mybatis.spring.SqlSessionTemplate$SqlSessionInterceptor.invoke(SqlSessionTemplate.java:425) ~[mybatis-spring-2.1.1.jar:2.1.1]
	at com.sun.proxy.$Proxy56.insert(Unknown Source) ~[na:na]
	at org.mybatis.spring.SqlSessionTemplate.insert(SqlSessionTemplate.java:272) ~[mybatis-spring-2.1.1.jar:2.1.1]
	at org.apache.ibatis.binding.MapperMethod.execute(MapperMethod.java:62) ~[mybatis-3.5.13.jar:3.5.13]
	at org.apache.ibatis.binding.MapperProxy$PlainMethodInvoker.invoke(MapperProxy.java:142) ~[mybatis-3.5.13.jar:3.5.13]
	at org.apache.ibatis.binding.MapperProxy.invoke(MapperProxy.java:86) ~[mybatis-3.5.13.jar:3.5.13]
	at com.sun.proxy.$Proxy61.addMessageSessionUser(Unknown Source) ~[na:na]
	at com.mika.chatroomreview.service.MessageSessionService.addMessageSessionUser(MessageSessionService.java:33) ~[classes/:na]
	at com.mika.chatroomreview.controller.MessageSessionController.addMessageSession(MessageSessionController.java:66) ~[classes/:na]
	at com.mika.chatroomreview.controller.MessageSessionController$$FastClassBySpringCGLIB$$6afc42a9.invoke(<generated>) ~[classes/:na]
	at org.springframework.cglib.proxy.MethodProxy.invoke(MethodProxy.java:218) ~[spring-core-5.3.30.jar:5.3.30]
	at org.springframework.aop.framework.CglibAopProxy$CglibMethodInvocation.invokeJoinpoint(CglibAopProxy.java:792) ~[spring-aop-5.3.30.jar:5.3.30]
	at org.springframework.aop.framework.ReflectiveMethodInvocation.proceed(ReflectiveMethodInvocation.java:163) ~[spring-aop-5.3.30.jar:5.3.30]
	at org.springframework.aop.framework.CglibAopProxy$CglibMethodInvocation.proceed(CglibAopProxy.java:762) ~[spring-aop-5.3.30.jar:5.3.30]
	at org.springframework.transaction.interceptor.TransactionInterceptor$1.proceedWithInvocation(TransactionInterceptor.java:123) ~[spring-tx-5.3.30.jar:5.3.30]
	at org.springframework.transaction.interceptor.TransactionAspectSupport.invokeWithinTransaction(TransactionAspectSupport.java:388) ~[spring-tx-5.3.30.jar:5.3.30]
	at org.springframework.transaction.interceptor.TransactionInterceptor.invoke(TransactionInterceptor.java:119) ~[spring-tx-5.3.30.jar:5.3.30]
	at org.springframework.aop.framework.ReflectiveMethodInvocation.proceed(ReflectiveMethodInvocation.java:186) ~[spring-aop-5.3.30.jar:5.3.30]
	at org.springframework.aop.framework.CglibAopProxy$CglibMethodInvocation.proceed(CglibAopProxy.java:762) ~[spring-aop-5.3.30.jar:5.3.30]
	at org.springframework.aop.framework.CglibAopProxy$DynamicAdvisedInterceptor.intercept(CglibAopProxy.java:707) ~[spring-aop-5.3.30.jar:5.3.30]
	at com.mika.chatroomreview.controller.MessageSessionController$$EnhancerBySpringCGLIB$$8f158a2.addMessageSession(<generated>) ~[classes/:na]
	at sun.reflect.NativeMethodAccessorImpl.invoke0(Native Method) ~[na:1.8.0_192]
	at sun.reflect.NativeMethodAccessorImpl.invoke(NativeMethodAccessorImpl.java:62) ~[na:1.8.0_192]
	at sun.reflect.DelegatingMethodAccessorImpl.invoke(DelegatingMethodAccessorImpl.java:43) ~[na:1.8.0_192]
	at java.lang.reflect.Method.invoke(Method.java:498) ~[na:1.8.0_192]
	at org.springframework.web.method.support.InvocableHandlerMethod.doInvoke(InvocableHandlerMethod.java:205) ~[spring-web-5.3.30.jar:5.3.30]
	at org.springframework.web.method.support.InvocableHandlerMethod.invokeForRequest(InvocableHandlerMethod.java:150) ~[spring-web-5.3.30.jar:5.3.30]
	at org.springframework.web.servlet.mvc.method.annotation.ServletInvocableHandlerMethod.invokeAndHandle(ServletInvocableHandlerMethod.java:117) ~[spring-webmvc-5.3.30.jar:5.3.30]
	at org.springframework.web.servlet.mvc.method.annotation.RequestMappingHandlerAdapter.invokeHandlerMethod(RequestMappingHandlerAdapter.java:895) ~[spring-webmvc-5.3.30.jar:5.3.30]
	at org.springframework.web.servlet.mvc.method.annotation.RequestMappingHandlerAdapter.handleInternal(RequestMappingHandlerAdapter.java:808) ~[spring-webmvc-5.3.30.jar:5.3.30]
	at org.springframework.web.servlet.mvc.method.AbstractHandlerMethodAdapter.handle(AbstractHandlerMethodAdapter.java:87) ~[spring-webmvc-5.3.30.jar:5.3.30]
	at org.springframework.web.servlet.DispatcherServlet.doDispatch(DispatcherServlet.java:1072) ~[spring-webmvc-5.3.30.jar:5.3.30]
	at org.springframework.web.servlet.DispatcherServlet.doService(DispatcherServlet.java:965) ~[spring-webmvc-5.3.30.jar:5.3.30]
	at org.springframework.web.servlet.FrameworkServlet.processRequest(FrameworkServlet.java:1006) ~[spring-webmvc-5.3.30.jar:5.3.30]
	at org.springframework.web.servlet.FrameworkServlet.doPost(FrameworkServlet.java:909) ~[spring-webmvc-5.3.30.jar:5.3.30]
	at javax.servlet.http.HttpServlet.service(HttpServlet.java:555) ~[tomcat-embed-core-9.0.82.jar:4.0.FR]
	at org.springframework.web.servlet.FrameworkServlet.service(FrameworkServlet.java:883) ~[spring-webmvc-5.3.30.jar:5.3.30]
	at javax.servlet.http.HttpServlet.service(HttpServlet.java:623) ~[tomcat-embed-core-9.0.82.jar:4.0.FR]
	at org.apache.catalina.core.ApplicationFilterChain.internalDoFilter(ApplicationFilterChain.java:209) ~[tomcat-embed-core-9.0.82.jar:9.0.82]
	at org.apache.catalina.core.ApplicationFilterChain.doFilter(ApplicationFilterChain.java:153) ~[tomcat-embed-core-9.0.82.jar:9.0.82]
	at org.apache.tomcat.websocket.server.WsFilter.doFilter(WsFilter.java:51) ~[tomcat-embed-websocket-9.0.82.jar:9.0.82]
	at org.apache.catalina.core.ApplicationFilterChain.internalDoFilter(ApplicationFilterChain.java:178) ~[tomcat-embed-core-9.0.82.jar:9.0.82]
	at org.apache.catalina.core.ApplicationFilterChain.doFilter(ApplicationFilterChain.java:153) ~[tomcat-embed-core-9.0.82.jar:9.0.82]
	at org.springframework.web.filter.RequestContextFilter.doFilterInternal(RequestContextFilter.java:100) ~[spring-web-5.3.30.jar:5.3.30]
	at org.springframework.web.filter.OncePerRequestFilter.doFilter(OncePerRequestFilter.java:117) ~[spring-web-5.3.30.jar:5.3.30]
	at org.apache.catalina.core.ApplicationFilterChain.internalDoFilter(ApplicationFilterChain.java:178) ~[tomcat-embed-core-9.0.82.jar:9.0.82]
	at org.apache.catalina.core.ApplicationFilterChain.doFilter(ApplicationFilterChain.java:153) ~[tomcat-embed-core-9.0.82.jar:9.0.82]
	at org.springframework.web.filter.FormContentFilter.doFilterInternal(FormContentFilter.java:93) ~[spring-web-5.3.30.jar:5.3.30]
	at org.springframework.web.filter.OncePerRequestFilter.doFilter(OncePerRequestFilter.java:117) ~[spring-web-5.3.30.jar:5.3.30]
	at org.apache.catalina.core.ApplicationFilterChain.internalDoFilter(ApplicationFilterChain.java:178) ~[tomcat-embed-core-9.0.82.jar:9.0.82]
	at org.apache.catalina.core.ApplicationFilterChain.doFilter(ApplicationFilterChain.java:153) ~[tomcat-embed-core-9.0.82.jar:9.0.82]
	at org.springframework.web.filter.CharacterEncodingFilter.doFilterInternal(CharacterEncodingFilter.java:201) ~[spring-web-5.3.30.jar:5.3.30]
	at org.springframework.web.filter.OncePerRequestFilter.doFilter(OncePerRequestFilter.java:117) ~[spring-web-5.3.30.jar:5.3.30]
	at org.apache.catalina.core.ApplicationFilterChain.internalDoFilter(ApplicationFilterChain.java:178) ~[tomcat-embed-core-9.0.82.jar:9.0.82]
	at org.apache.catalina.core.ApplicationFilterChain.doFilter(ApplicationFilterChain.java:153) ~[tomcat-embed-core-9.0.82.jar:9.0.82]
	at org.apache.catalina.core.StandardWrapperValve.invoke(StandardWrapperValve.java:168) ~[tomcat-embed-core-9.0.82.jar:9.0.82]
	at org.apache.catalina.core.StandardContextValve.invoke(StandardContextValve.java:90) [tomcat-embed-core-9.0.82.jar:9.0.82]
	at org.apache.catalina.authenticator.AuthenticatorBase.invoke(AuthenticatorBase.java:481) [tomcat-embed-core-9.0.82.jar:9.0.82]
	at org.apache.catalina.core.StandardHostValve.invoke(StandardHostValve.java:130) [tomcat-embed-core-9.0.82.jar:9.0.82]
	at org.apache.catalina.valves.ErrorReportValve.invoke(ErrorReportValve.java:93) [tomcat-embed-core-9.0.82.jar:9.0.82]
	at org.apache.catalina.core.StandardEngineValve.invoke(StandardEngineValve.java:74) [tomcat-embed-core-9.0.82.jar:9.0.82]
	at org.apache.catalina.connector.CoyoteAdapter.service(CoyoteAdapter.java:342) [tomcat-embed-core-9.0.82.jar:9.0.82]
	at org.apache.coyote.http11.Http11Processor.service(Http11Processor.java:390) [tomcat-embed-core-9.0.82.jar:9.0.82]
	at org.apache.coyote.AbstractProcessorLight.process(AbstractProcessorLight.java:63) [tomcat-embed-core-9.0.82.jar:9.0.82]
	at org.apache.coyote.AbstractProtocol$ConnectionHandler.process(AbstractProtocol.java:928) [tomcat-embed-core-9.0.82.jar:9.0.82]
	at org.apache.tomcat.util.net.NioEndpoint$SocketProcessor.doRun(NioEndpoint.java:1794) [tomcat-embed-core-9.0.82.jar:9.0.82]
	at org.apache.tomcat.util.net.SocketProcessorBase.run(SocketProcessorBase.java:52) [tomcat-embed-core-9.0.82.jar:9.0.82]
	at org.apache.tomcat.util.threads.ThreadPoolExecutor.runWorker(ThreadPoolExecutor.java:1191) [tomcat-embed-core-9.0.82.jar:9.0.82]
	at org.apache.tomcat.util.threads.ThreadPoolExecutor$Worker.run(ThreadPoolExecutor.java:659) [tomcat-embed-core-9.0.82.jar:9.0.82]
	at org.apache.tomcat.util.threads.TaskThread$WrappingRunnable.run(TaskThread.java:61) [tomcat-embed-core-9.0.82.jar:9.0.82]
	at java.lang.Thread.run(Thread.java:748) [na:1.8.0_192]

2024-03-28 21:57:48.179  INFO 23032 --- [SpringApplicationShutdownHook] c.m.c.component.OnlineUserManager        : [1] 用户下线！
2024-03-28 21:57:48.179  INFO 23032 --- [SpringApplicationShutdownHook] c.m.c.component.OnlineUserManager        : [2] 用户下线！
2024-03-28 21:57:48.186  INFO 23032 --- [SpringApplicationShutdownHook] com.zaxxer.hikari.HikariDataSource       : HikariPool-1 - Shutdown initiated...
2024-03-28 21:57:48.194  INFO 23032 --- [SpringApplicationShutdownHook] com.zaxxer.hikari.HikariDataSource       : HikariPool-1 - Shutdown completed.
2024-03-28 21:57:51.587  INFO 24140 --- [main] c.m.c.ChatroomreviewApplication          : Starting ChatroomreviewApplication using Java 1.8.0_192 on ib with PID 24140 (C:\Code\Java\chatroomreview1\target\classes started by 86135 in C:\Code\Java\chatroomreview1)
2024-03-28 21:57:51.590  INFO 24140 --- [main] c.m.c.ChatroomreviewApplication          : No active profile set, falling back to 1 default profile: "default"
2024-03-28 21:57:52.623  INFO 24140 --- [main] o.s.b.w.embedded.tomcat.TomcatWebServer  : Tomcat initialized with port(s): 8080 (http)
2024-03-28 21:57:52.634  INFO 24140 --- [main] o.apache.catalina.core.StandardService   : Starting service [Tomcat]
2024-03-28 21:57:52.634  INFO 24140 --- [main] org.apache.catalina.core.StandardEngine  : Starting Servlet engine: [Apache Tomcat/9.0.82]
2024-03-28 21:57:52.777  INFO 24140 --- [main] o.a.c.c.C.[Tomcat].[localhost].[/]       : Initializing Spring embedded WebApplicationContext
2024-03-28 21:57:52.777  INFO 24140 --- [main] w.s.c.ServletWebServerApplicationContext : Root WebApplicationContext: initialization completed in 1149 ms
2024-03-28 21:57:53.408  INFO 24140 --- [main] o.s.b.w.embedded.tomcat.TomcatWebServer  : Tomcat started on port(s): 8080 (http) with context path ''
2024-03-28 21:57:53.419  INFO 24140 --- [main] c.m.c.ChatroomreviewApplication          : Started ChatroomreviewApplication in 2.187 seconds (JVM running for 2.545)
2024-03-28 21:57:53.542  INFO 24140 --- [http-nio-8080-exec-1] o.a.c.c.C.[Tomcat].[localhost].[/]       : Initializing Spring DispatcherServlet 'dispatcherServlet'
2024-03-28 21:57:53.542  INFO 24140 --- [http-nio-8080-exec-1] o.s.web.servlet.DispatcherServlet        : Initializing Servlet 'dispatcherServlet'
2024-03-28 21:57:53.543  INFO 24140 --- [http-nio-8080-exec-1] o.s.web.servlet.DispatcherServlet        : Completed initialization in 1 ms
2024-03-28 21:58:00.650  INFO 24140 --- [http-nio-8080-exec-8] com.zaxxer.hikari.HikariDataSource       : HikariPool-1 - Starting...
2024-03-28 21:58:00.752  INFO 24140 --- [http-nio-8080-exec-8] com.zaxxer.hikari.HikariDataSource       : HikariPool-1 - Start completed.
2024-03-28 21:58:00.814  INFO 24140 --- [http-nio-8080-exec-9] c.m.c.component.OnlineUserManager        : 用户1上线
2024-03-28 21:58:14.748  INFO 24140 --- [http-nio-8080-exec-3] c.m.c.config.WebSocketHandler            : WebSocketHandler 收到消息！TextMessage payload=[{"type":"m..], byteCount=62, last=true]
2024-03-28 21:58:44.362  INFO 24140 --- [http-nio-8080-exec-1] c.m.c.component.OnlineUserManager        : 用户2上线
2024-03-28 21:58:58.361  INFO 24140 --- [http-nio-8080-exec-7] c.m.c.config.WebSocketHandler            : WebSocketHandler 收到消息！TextMessage payload=[{"type":"m..], byteCount=50, last=true]
2024-03-28 21:59:12.167  INFO 24140 --- [http-nio-8080-exec-2] c.m.c.config.WebSocketHandler            : WebSocketHandler 收到消息！TextMessage payload=[{"type":"m..], byteCount=59, last=true]
2024-03-28 21:59:22.305  INFO 24140 --- [http-nio-8080-exec-4] c.m.c.config.WebSocketHandler            : WebSocketHandler 收到消息！TextMessage payload=[{"type":"m..], byteCount=56, last=true]
2024-03-28 21:59:40.333  INFO 24140 --- [http-nio-8080-exec-8] c.m.c.config.WebSocketHandler            : WebSocketHandler 收到消息！TextMessage payload=[{"type":"m..], byteCount=63, last=true]
2024-03-28 21:59:47.222  INFO 24140 --- [http-nio-8080-exec-5] c.m.c.config.WebSocketHandler            : WebSocketHandler 收到消息！TextMessage payload=[{"type":"m..], byteCount=68, last=true]
2024-03-28 22:00:04.126  WARN 24140 --- [http-nio-8080-exec-1] .w.s.m.s.DefaultHandlerExceptionResolver : Resolved [org.springframework.web.method.annotation.MethodArgumentTypeMismatchException: Failed to convert value of type 'java.lang.String' to required type 'java.lang.Integer'; nested exception is java.lang.NumberFormatException: For input string: "null"]
2024-03-28 22:00:07.804  INFO 24140 --- [http-nio-8080-exec-4] c.m.c.component.OnlineUserManager        : [1] 用户下线！
2024-03-28 22:00:07.814  INFO 24140 --- [http-nio-8080-exec-8] c.m.c.component.OnlineUserManager        : 用户1上线
2024-03-28 22:00:16.051  INFO 24140 --- [SpringApplicationShutdownHook] c.m.c.component.OnlineUserManager        : [2] 用户下线！
2024-03-28 22:00:16.052  INFO 24140 --- [SpringApplicationShutdownHook] c.m.c.component.OnlineUserManager        : [1] 用户下线！
2024-03-28 22:00:16.057  INFO 24140 --- [SpringApplicationShutdownHook] com.zaxxer.hikari.HikariDataSource       : HikariPool-1 - Shutdown initiated...
2024-03-28 22:00:16.065  INFO 24140 --- [SpringApplicationShutdownHook] com.zaxxer.hikari.HikariDataSource       : HikariPool-1 - Shutdown completed.
2024-03-28 22:14:39.682  INFO 22788 --- [main] c.m.c.ChatroomreviewApplication          : Starting ChatroomreviewApplication using Java 1.8.0_192 on ib with PID 22788 (C:\Code\Java\chatroomreview1\target\classes started by 86135 in C:\Code\Java\chatroomreview1)
2024-03-28 22:14:39.684  INFO 22788 --- [main] c.m.c.ChatroomreviewApplication          : No active profile set, falling back to 1 default profile: "default"
2024-03-28 22:14:40.744  INFO 22788 --- [main] o.s.b.w.embedded.tomcat.TomcatWebServer  : Tomcat initialized with port(s): 8080 (http)
2024-03-28 22:14:40.753  INFO 22788 --- [main] o.apache.catalina.core.StandardService   : Starting service [Tomcat]
2024-03-28 22:14:40.753  INFO 22788 --- [main] org.apache.catalina.core.StandardEngine  : Starting Servlet engine: [Apache Tomcat/9.0.82]
2024-03-28 22:14:40.866  INFO 22788 --- [main] o.a.c.c.C.[Tomcat].[localhost].[/]       : Initializing Spring embedded WebApplicationContext
2024-03-28 22:14:40.866  INFO 22788 --- [main] w.s.c.ServletWebServerApplicationContext : Root WebApplicationContext: initialization completed in 1149 ms
2024-03-28 22:14:41.549  INFO 22788 --- [main] o.s.b.w.embedded.tomcat.TomcatWebServer  : Tomcat started on port(s): 8080 (http) with context path ''
2024-03-28 22:14:41.563  INFO 22788 --- [main] c.m.c.ChatroomreviewApplication          : Started ChatroomreviewApplication in 2.233 seconds (JVM running for 2.551)
2024-03-28 22:14:42.835  INFO 22788 --- [http-nio-8080-exec-1] o.a.c.c.C.[Tomcat].[localhost].[/]       : Initializing Spring DispatcherServlet 'dispatcherServlet'
2024-03-28 22:14:42.835  INFO 22788 --- [http-nio-8080-exec-1] o.s.web.servlet.DispatcherServlet        : Initializing Servlet 'dispatcherServlet'
2024-03-28 22:14:42.836  INFO 22788 --- [http-nio-8080-exec-1] o.s.web.servlet.DispatcherServlet        : Completed initialization in 1 ms
2024-03-28 22:15:08.235  INFO 22788 --- [http-nio-8080-exec-8] com.zaxxer.hikari.HikariDataSource       : HikariPool-1 - Starting...
2024-03-28 22:15:08.339  INFO 22788 --- [http-nio-8080-exec-8] com.zaxxer.hikari.HikariDataSource       : HikariPool-1 - Start completed.
2024-03-28 22:15:08.403  INFO 22788 --- [http-nio-8080-exec-2] c.m.c.component.OnlineUserManager        : 用户1上线
2024-03-28 22:46:18.696  INFO 22788 --- [SpringApplicationShutdownHook] c.m.c.component.OnlineUserManager        : [1] 用户下线！
2024-03-28 22:46:18.703  INFO 22788 --- [SpringApplicationShutdownHook] com.zaxxer.hikari.HikariDataSource       : HikariPool-1 - Shutdown initiated...
2024-03-28 22:46:18.710  INFO 22788 --- [SpringApplicationShutdownHook] com.zaxxer.hikari.HikariDataSource       : HikariPool-1 - Shutdown completed.
